E:\defa\Controllers\Cctv2Controller.cs
E:\defa\Models\Cctv2.cs
E:\defa\Views\Home\Cctv2List.cshtml
E:\defa\Models\Cctv2List.cs
E:\defa\Views\Home\Cctv2Add.cshtml
E:\defa\Models\Cctv2Add.cs
E:\defa\Views\Home\Cctv2View.cshtml
E:\defa\Models\Cctv2View.cs
E:\defa\Views\Home\Cctv2Edit.cshtml
E:\defa\Models\Cctv2Edit.cs
E:\defa\Views\Home\Cctv2Delete.cshtml
E:\defa\Models\Cctv2Delete.cs
E:\defa\Controllers\User2Controller.cs
E:\defa\Models\User2.cs
E:\defa\Views\Home\User2List.cshtml
E:\defa\Models\User2List.cs
E:\defa\Controllers\DashboardController.cs
E:\defa\Views\Home\Dashboard.cshtml
E:\defa\Models\Dashboard.cs
E:\defa\wwwroot\package.json
E:\defa\Models\src\AbstractExport.cs
E:\defa\Models\src\AbstractExportBase.cs
E:\defa\Models\src\AbstractTwoFactorAuthentication.cs
E:\defa\Models\src\AdvancedFilter.cs
E:\defa\Models\src\AdvancedSearch.cs
E:\defa\Models\src\AdvancedSecurity.cs
E:\defa\Models\src\AdvancedSecurityBase.cs
E:\defa\Models\src\Aes.cs
E:\defa\Models\src\ApplicationRole.cs
E:\defa\Models\src\ApplicationUser.cs
E:\defa\Models\src\AspNetMakerPage.cs
E:\defa\Models\src\Attributes.cs
E:\defa\Models\src\AuthenticationProvider.cs
E:\defa\Models\src\AutofacModule.cs
E:\defa\Models\src\BasicSearch.cs
E:\defa\Models\src\Breadcrumb.cs
E:\defa\Models\src\BreadcrumbLink.cs
E:\defa\Models\src\CaptchaBase.cs
E:\defa\Models\src\ChartDataComparer.cs
E:\defa\Models\src\ChartExporter.cs
E:\defa\Models\src\ChartParameter.cs
E:\defa\Models\src\ChartTypes.cs
E:\defa\Models\src\CrosstabColumn.cs
E:\defa\Models\src\CrosstabTable.cs
E:\defa\Models\src\CssParser.cs
E:\defa\Models\src\CustomMySqlCompiler.cs
E:\defa\Models\src\CustomOracleCompiler.cs
E:\defa\Models\src\CustomPostgresCompiler.cs
E:\defa\Models\src\CustomQueryParameters.cs
E:\defa\Models\src\CustomRoleStore.cs
E:\defa\Models\src\CustomSqliteCompiler.cs
E:\defa\Models\src\CustomSqlServerCompiler.cs
E:\defa\Models\src\CustomUserStore.cs
E:\defa\Models\src\DatabaseConnection.cs
E:\defa\Models\src\DatabaseConnectionBase.cs
E:\defa\Models\src\DateTimeExtension.cs
E:\defa\Models\src\DbChart.cs
E:\defa\Models\src\DbField.cs
E:\defa\Models\src\DbFieldOfT.cs
E:\defa\Models\src\DbTable.cs
E:\defa\Models\src\DbTableBase.cs
E:\defa\Models\src\DotAccessData.cs
E:\defa\Models\src\Email.cs
E:\defa\Models\src\Enums.cs
E:\defa\Models\src\ExcelConfig.cs
E:\defa\Models\src\ExportCsv.cs
E:\defa\Models\src\ExportEmail.cs
E:\defa\Models\src\ExportExcel.cs
E:\defa\Models\src\ExportHandler.cs
E:\defa\Models\src\ExportHtml.cs
E:\defa\Models\src\ExportJson.cs
E:\defa\Models\src\ExportPdf.cs
E:\defa\Models\src\ExportWord.cs
E:\defa\Models\src\ExportXml.cs
E:\defa\Models\src\FileViewer.cs
E:\defa\Models\src\HtmlToText.cs
E:\defa\Models\src\HttpCookies.cs
E:\defa\Models\src\HttpDataDictionary.cs
E:\defa\Models\src\HttpForm.cs
E:\defa\Models\src\HttpSession.cs
E:\defa\Models\src\HttpUpload.cs
E:\defa\Models\src\IAspNetMakerPage.cs
E:\defa\Models\src\ICaptcha.cs
E:\defa\Models\src\IChartRenderer.cs
E:\defa\Models\src\ICustomCompiler.cs
E:\defa\Models\src\IHtmlValue.cs
E:\defa\Models\src\InsertGetId.cs
E:\defa\Models\src\IQueryFactory.cs
E:\defa\Models\src\ITwoFactorAuthentication.cs
E:\defa\Models\src\JsonBoolResult.cs
E:\defa\Models\src\Lang.cs
E:\defa\Models\src\ListAction.cs
E:\defa\Models\src\ListActions.cs
E:\defa\Models\src\ListOption.cs
E:\defa\Models\src\ListOptions.cs
E:\defa\Models\src\ListOptionsDictionary.cs
E:\defa\Models\src\LoginModel.cs
E:\defa\Models\src\Lookup.cs
E:\defa\Models\src\Menu.cs
E:\defa\Models\src\MenuBase.cs
E:\defa\Models\src\MenuItem.cs
E:\defa\Models\src\MobileDetect.cs
E:\defa\Models\src\NumericPager.cs
E:\defa\Models\src\OptionValues.cs
E:\defa\Models\src\Pager.cs
E:\defa\Models\src\PagerItem.cs
E:\defa\Models\src\PdfConfig.cs
E:\defa\Models\src\PermissionHandler.cs
E:\defa\Models\src\PermissionRequirement.cs
E:\defa\Models\src\PrevNextPager.cs
E:\defa\Models\src\ReportField.cs
E:\defa\Models\src\ReportFieldOfT.cs
E:\defa\Models\src\ReportTable.cs
E:\defa\Models\src\SessionHandler.cs
E:\defa\Models\src\Sms.cs
E:\defa\Models\src\StringExtension.cs
E:\defa\Models\src\SubPage.cs
E:\defa\Models\src\SubPages.cs
E:\defa\Models\src\SummaryField.cs
E:\defa\Models\src\UploadHandler.cs
E:\defa\Models\src\UserLevel.cs
E:\defa\Models\src\UserLevelPermission.cs
E:\defa\Models\src\UserLevelTablePermission.cs
E:\defa\Models\src\UserProfile.cs
E:\defa\Models\src\WordConfig.cs
E:\defa\Models\src\XmlDoc.cs
E:\defa\wwwroot\css\defa.scss
E:\defa\wwwroot\css\tabulator_bootstrap5.scss
E:\defa\wwwroot\swagger\index.html
E:\defa\Views\Home\Swagger.cshtml
E:\defa\Models\GlobalUsings.cs
E:\defa\Models\userfn.cs
E:\defa\Models\userlevelsettings.cs
E:\defa\Views\Shared\_Layout.cshtml
E:\defa\Views\Shared\menu.cshtml
E:\defa\Models\Config.cs
E:\defa\Models\aspnetfn.cs
E:\defa\wwwroot\js\userfn.js
E:\defa\wwwroot\js\userevent.js
E:\defa\Views\Shared\email.cshtml
E:\defa\Views\Home\PersonalData.cshtml
E:\defa\Models\PersonalData.cs
E:\defa\Views\Home\login.cshtml
E:\defa\Models\login.cs
E:\defa\Models\logout.cs
E:\defa\Views\Home\index.cshtml
E:\defa\Models\index.cs
E:\defa\Controllers\ewcontroller.cs
E:\defa\Controllers\apicontroller.cs
E:\defa\Views\Shared\Error.cshtml
E:\defa\Models\Error.cs
E:\defa\appsettings.json
E:\defa\appsettings.Development.json
E:\defa\Program.cs
E:\defa\Properties\launchSettings.json
E:\defa\Views\_ViewImports.cshtml
E:\defa\Views\_ViewStart.cshtml
E:\defa\web.config
E:\defa\defa.csproj
E:\defa\wwwroot\js\eweditor.js
E:\defa\Models\src\ChartJsRenderer.cs