2024-07-28T19:20:22.6485470+07:00  [DBG] Hosting starting (32b26330)
2024-07-28T19:20:22.8128285+07:00  [INF] Now listening on: "http://localhost:5000" (d826f4b8)
2024-07-28T19:20:22.8130208+07:00  [INF] Application started. Press Ctrl+C to shut down. (dcaefe54)
2024-07-28T19:20:22.8130915+07:00  [INF] Hosting environment: "Development" (c3307c92)
2024-07-28T19:20:22.8131116+07:00  [INF] Content root path: "E:\defa\" (b5d60022)
2024-07-28T19:20:22.8131227+07:00  [DBG] Hosting started (e6def423)
2024-07-28T19:20:27.2174361+07:00 0HN5EVUKV9FUE:00000002 [INF] Checking for conditional GET/HEAD. (7e2efcb6)
2024-07-28T19:20:27.2262011+07:00 0HN5EVUKV9FUE:00000002 [INF] Not valid - no If-None-Match or If-Modified-Since headers. (00e43d04)
2024-07-28T19:20:27.2262732+07:00 0HN5EVUKV9FUE:00000002 [INF] Don't generate 304 - Not Modified.  Continue. (b6a7d473)
2024-07-28T19:20:27.2275343+07:00 0HN5EVUKV9FUE:00000002 [INF] Checking for conditional PUT/PATCH. (bf3cf9be)
2024-07-28T19:20:27.2276049+07:00 0HN5EVUKV9FUE:00000002 [INF] Not valid - method isn't PUT or PATCH. (671cb4f2)
2024-07-28T19:20:27.2276368+07:00 0HN5EVUKV9FUE:00000002 [INF] Don't generate 412 - Precondition Failed.  Continue. (08bc4a18)
2024-07-28T19:20:27.7938268+07:00 0HN5EVUKV9FUE:00000002 [INF] Generating expiration headers. (97875003)
2024-07-28T19:20:27.7942286+07:00 0HN5EVUKV9FUE:00000002 [INF] Expiration headers generated. Expires: Sun, 28 Jul 2024 12:20:27 GMT. Cache-Control: private,max-age=0,no-store,no-cache,must-revalidate. (c626ff1c)
2024-07-28T19:20:27.7954872+07:00 0HN5EVUKV9FUE:00000002 [INF] Not generating Validation headers as the response status code does not indicate success. (2130aaa7)
2024-07-28T19:20:27.7956822+07:00 0HN5EVUKV9FUE:00000002 [INF] Generating Vary header. (c1174e38)
2024-07-28T19:20:27.7957599+07:00 0HN5EVUKV9FUE:00000002 [INF] Vary header generated: Accept, Accept-Language, Accept-Encoding. (e081213a)
2024-07-28T19:20:27.8115897+07:00 0HN5EVUKV9FUE:00000003 [INF] Checking for conditional GET/HEAD. (7e2efcb6)
2024-07-28T19:20:27.8116811+07:00 0HN5EVUKV9FUE:00000003 [INF] Not valid - no If-None-Match or If-Modified-Since headers. (00e43d04)
2024-07-28T19:20:27.8117126+07:00 0HN5EVUKV9FUE:00000003 [INF] Don't generate 304 - Not Modified.  Continue. (b6a7d473)
2024-07-28T19:20:27.8117481+07:00 0HN5EVUKV9FUE:00000003 [INF] Checking for conditional PUT/PATCH. (bf3cf9be)
2024-07-28T19:20:27.8117771+07:00 0HN5EVUKV9FUE:00000003 [INF] Not valid - method isn't PUT or PATCH. (671cb4f2)
2024-07-28T19:20:27.8118047+07:00 0HN5EVUKV9FUE:00000003 [INF] Don't generate 412 - Precondition Failed.  Continue. (08bc4a18)
2024-07-28T19:20:44.2205618+07:00 0HN5EVUKV9FUE:00000003 [INF] Generating expiration headers. (97875003)
2024-07-28T19:20:44.2207704+07:00 0HN5EVUKV9FUE:00000003 [INF] Expiration headers generated. Expires: Sun, 28 Jul 2024 12:20:44 GMT. Cache-Control: private,max-age=0,no-store,no-cache,must-revalidate. (b9db665d)
2024-07-28T19:20:44.2207968+07:00 0HN5EVUKV9FUE:00000003 [INF] Generating Validation headers. (20c08f55)
2024-07-28T19:20:44.2261776+07:00 0HN5EVUKV9FUE:00000003 [INF] Validation headers generated. ETag: Strong, "BEC91CA67B293DAD20B16664694D3790". Last-Modified: Sun, 28 Jul 2024 12:20:44 GMT (1ca9d107)
2024-07-28T19:20:44.2262300+07:00 0HN5EVUKV9FUE:00000003 [INF] Generating Vary header. (c1174e38)
2024-07-28T19:20:44.2262555+07:00 0HN5EVUKV9FUE:00000003 [INF] Vary header generated: Accept, Accept-Language, Accept-Encoding. (e081213a)
2024-07-28T19:20:44.2684558+07:00 0HN5EVUKV9FUE:00000004 [INF] Checking for conditional GET/HEAD. (7e2efcb6)
2024-07-28T19:20:44.2685341+07:00 0HN5EVUKV9FUE:00000004 [INF] Not valid - no If-None-Match or If-Modified-Since headers. (00e43d04)
2024-07-28T19:20:44.2685588+07:00 0HN5EVUKV9FUE:00000004 [INF] Don't generate 304 - Not Modified.  Continue. (b6a7d473)
2024-07-28T19:20:44.2685919+07:00 0HN5EVUKV9FUE:00000004 [INF] Checking for conditional PUT/PATCH. (bf3cf9be)
2024-07-28T19:20:44.2686210+07:00 0HN5EVUKV9FUE:00000004 [INF] Not valid - method isn't PUT or PATCH. (671cb4f2)
2024-07-28T19:20:44.2686433+07:00 0HN5EVUKV9FUE:00000004 [INF] Don't generate 412 - Precondition Failed.  Continue. (08bc4a18)
2024-07-28T19:20:44.3647332+07:00 0HN5EVUKV9FUE:00000004 [INF] Generating expiration headers. (97875003)
2024-07-28T19:20:44.3648176+07:00 0HN5EVUKV9FUE:00000004 [INF] Expiration headers generated. Expires: Sun, 28 Jul 2024 12:20:44 GMT. Cache-Control: private,max-age=0,no-store,no-cache,must-revalidate. (b9db665d)
2024-07-28T19:20:44.3648384+07:00 0HN5EVUKV9FUE:00000004 [INF] Not generating Validation headers as the response status code does not indicate success. (2130aaa7)
2024-07-28T19:20:44.3648606+07:00 0HN5EVUKV9FUE:00000004 [INF] Generating Vary header. (c1174e38)
2024-07-28T19:20:44.3648795+07:00 0HN5EVUKV9FUE:00000004 [INF] Vary header generated: Accept, Accept-Language, Accept-Encoding. (e081213a)
2024-07-28T19:20:44.3760679+07:00 0HN5EVUKV9FUE:00000005 [INF] Checking for conditional GET/HEAD. (7e2efcb6)
2024-07-28T19:20:44.3761345+07:00 0HN5EVUKV9FUE:00000005 [INF] Not valid - no If-None-Match or If-Modified-Since headers. (00e43d04)
2024-07-28T19:20:44.3761516+07:00 0HN5EVUKV9FUE:00000005 [INF] Don't generate 304 - Not Modified.  Continue. (b6a7d473)
2024-07-28T19:20:44.3761671+07:00 0HN5EVUKV9FUE:00000005 [INF] Checking for conditional PUT/PATCH. (bf3cf9be)
2024-07-28T19:20:44.3761810+07:00 0HN5EVUKV9FUE:00000005 [INF] Not valid - method isn't PUT or PATCH. (671cb4f2)
2024-07-28T19:20:44.3761940+07:00 0HN5EVUKV9FUE:00000005 [INF] Don't generate 412 - Precondition Failed.  Continue. (08bc4a18)
2024-07-28T19:20:44.4244814+07:00 0HN5EVUKV9FUE:00000005 [INF] Generating expiration headers. (97875003)
2024-07-28T19:20:44.4245440+07:00 0HN5EVUKV9FUE:00000005 [INF] Expiration headers generated. Expires: Sun, 28 Jul 2024 12:20:44 GMT. Cache-Control: private,max-age=0,no-store,no-cache,must-revalidate. (b9db665d)
2024-07-28T19:20:44.4245619+07:00 0HN5EVUKV9FUE:00000005 [INF] Generating Validation headers. (20c08f55)
2024-07-28T19:20:44.4248842+07:00 0HN5EVUKV9FUE:00000005 [INF] Validation headers generated. ETag: Strong, "B43237F3DE31D38BA11BB97D320BD8C9". Last-Modified: Sun, 28 Jul 2024 12:20:44 GMT (e3bed82d)
2024-07-28T19:20:44.4249083+07:00 0HN5EVUKV9FUE:00000005 [INF] Generating Vary header. (c1174e38)
2024-07-28T19:20:44.4249250+07:00 0HN5EVUKV9FUE:00000005 [INF] Vary header generated: Accept, Accept-Language, Accept-Encoding. (e081213a)
2024-07-28T19:20:50.7041242+07:00 0HN5EVUKV9FUE:00000014 [INF] Checking for conditional GET/HEAD. (7e2efcb6)
2024-07-28T19:20:50.7042362+07:00 0HN5EVUKV9FUE:00000014 [INF] Not valid - method isn't GET or HEAD. (0be1d475)
2024-07-28T19:20:50.7042678+07:00 0HN5EVUKV9FUE:00000014 [INF] Don't generate 304 - Not Modified.  Continue. (b6a7d473)
2024-07-28T19:20:50.7042991+07:00 0HN5EVUKV9FUE:00000014 [INF] Checking for conditional PUT/PATCH. (bf3cf9be)
2024-07-28T19:20:50.7043223+07:00 0HN5EVUKV9FUE:00000014 [INF] Not valid - method isn't PUT or PATCH. (671cb4f2)
2024-07-28T19:20:50.7043418+07:00 0HN5EVUKV9FUE:00000014 [INF] Don't generate 412 - Precondition Failed.  Continue. (08bc4a18)
2024-07-28T19:20:50.9040014+07:00 0HN5EVUKV9FUE:00000014 [INF] Generating expiration headers. (97875003)
2024-07-28T19:20:50.9040988+07:00 0HN5EVUKV9FUE:00000014 [INF] Expiration headers generated. Expires: Sun, 28 Jul 2024 12:20:50 GMT. Cache-Control: private,max-age=0,no-store,no-cache,must-revalidate. (d5ca5e45)
2024-07-28T19:20:50.9041280+07:00 0HN5EVUKV9FUE:00000014 [INF] Not generating Validation headers as the response status code does not indicate success. (2130aaa7)
2024-07-28T19:20:50.9041484+07:00 0HN5EVUKV9FUE:00000014 [INF] Generating Vary header. (c1174e38)
2024-07-28T19:20:50.9041766+07:00 0HN5EVUKV9FUE:00000014 [INF] Vary header generated: Accept, Accept-Language, Accept-Encoding. (e081213a)
2024-07-28T19:20:50.9145284+07:00 0HN5EVUKV9FUE:00000015 [INF] Checking for conditional GET/HEAD. (7e2efcb6)
2024-07-28T19:20:50.9146147+07:00 0HN5EVUKV9FUE:00000015 [INF] Not valid - no If-None-Match or If-Modified-Since headers. (00e43d04)
2024-07-28T19:20:50.9146380+07:00 0HN5EVUKV9FUE:00000015 [INF] Don't generate 304 - Not Modified.  Continue. (b6a7d473)
2024-07-28T19:20:50.9146556+07:00 0HN5EVUKV9FUE:00000015 [INF] Checking for conditional PUT/PATCH. (bf3cf9be)
2024-07-28T19:20:50.9146722+07:00 0HN5EVUKV9FUE:00000015 [INF] Not valid - method isn't PUT or PATCH. (671cb4f2)
2024-07-28T19:20:50.9146878+07:00 0HN5EVUKV9FUE:00000015 [INF] Don't generate 412 - Precondition Failed.  Continue. (08bc4a18)
2024-07-28T19:20:50.9679297+07:00 0HN5EVUKV9FUE:00000015 [INF] Generating expiration headers. (97875003)
2024-07-28T19:20:50.9679962+07:00 0HN5EVUKV9FUE:00000015 [INF] Expiration headers generated. Expires: Sun, 28 Jul 2024 12:20:50 GMT. Cache-Control: private,max-age=0,no-store,no-cache,must-revalidate. (d5ca5e45)
2024-07-28T19:20:50.9680126+07:00 0HN5EVUKV9FUE:00000015 [INF] Not generating Validation headers as the response status code does not indicate success. (2130aaa7)
2024-07-28T19:20:50.9680276+07:00 0HN5EVUKV9FUE:00000015 [INF] Generating Vary header. (c1174e38)
2024-07-28T19:20:50.9680415+07:00 0HN5EVUKV9FUE:00000015 [INF] Vary header generated: Accept, Accept-Language, Accept-Encoding. (e081213a)
2024-07-28T19:20:50.9763752+07:00 0HN5EVUKV9FUE:00000016 [INF] Checking for conditional GET/HEAD. (7e2efcb6)
2024-07-28T19:20:50.9764281+07:00 0HN5EVUKV9FUE:00000016 [INF] Not valid - no If-None-Match or If-Modified-Since headers. (00e43d04)
2024-07-28T19:20:50.9764438+07:00 0HN5EVUKV9FUE:00000016 [INF] Don't generate 304 - Not Modified.  Continue. (b6a7d473)
2024-07-28T19:20:50.9764570+07:00 0HN5EVUKV9FUE:00000016 [INF] Checking for conditional PUT/PATCH. (bf3cf9be)
2024-07-28T19:20:50.9764704+07:00 0HN5EVUKV9FUE:00000016 [INF] Not valid - method isn't PUT or PATCH. (671cb4f2)
2024-07-28T19:20:50.9764834+07:00 0HN5EVUKV9FUE:00000016 [INF] Don't generate 412 - Precondition Failed.  Continue. (08bc4a18)
2024-07-28T19:20:54.5470906+07:00 0HN5EVUKV9FUE:00000016 [INF] Generating expiration headers. (97875003)
2024-07-28T19:20:54.5471789+07:00 0HN5EVUKV9FUE:00000016 [INF] Expiration headers generated. Expires: Sun, 28 Jul 2024 12:20:54 GMT. Cache-Control: private,max-age=0,no-store,no-cache,must-revalidate. (4636ec62)
2024-07-28T19:20:54.5472087+07:00 0HN5EVUKV9FUE:00000016 [INF] Generating Validation headers. (20c08f55)
2024-07-28T19:20:54.5476865+07:00 0HN5EVUKV9FUE:00000016 [INF] Validation headers generated. ETag: Strong, "00B13A70C9451CAF6EF3B1CD6F1423AA". Last-Modified: Sun, 28 Jul 2024 12:20:54 GMT (82623b6c)
2024-07-28T19:20:54.5477310+07:00 0HN5EVUKV9FUE:00000016 [INF] Generating Vary header. (c1174e38)
2024-07-28T19:20:54.5477524+07:00 0HN5EVUKV9FUE:00000016 [INF] Vary header generated: Accept, Accept-Language, Accept-Encoding. (e081213a)
2024-07-28T19:20:57.5389704+07:00 0HN5EVUKV9FUE:00000017 [INF] Checking for conditional GET/HEAD. (7e2efcb6)
2024-07-28T19:20:57.5390343+07:00 0HN5EVUKV9FUE:00000017 [INF] Not valid - no If-None-Match or If-Modified-Since headers. (00e43d04)
2024-07-28T19:20:57.5390532+07:00 0HN5EVUKV9FUE:00000017 [INF] Don't generate 304 - Not Modified.  Continue. (b6a7d473)
2024-07-28T19:20:57.5390687+07:00 0HN5EVUKV9FUE:00000017 [INF] Checking for conditional PUT/PATCH. (bf3cf9be)
2024-07-28T19:20:57.5390831+07:00 0HN5EVUKV9FUE:00000017 [INF] Not valid - method isn't PUT or PATCH. (671cb4f2)
2024-07-28T19:20:57.5390981+07:00 0HN5EVUKV9FUE:00000017 [INF] Don't generate 412 - Precondition Failed.  Continue. (08bc4a18)
2024-07-28T19:20:59.8348574+07:00 0HN5EVUKV9FUE:00000017 [INF] Generating expiration headers. (97875003)
2024-07-28T19:20:59.8349328+07:00 0HN5EVUKV9FUE:00000017 [INF] Expiration headers generated. Expires: Sun, 28 Jul 2024 12:20:59 GMT. Cache-Control: private,max-age=0,no-store,no-cache,must-revalidate. (bd9365cb)
2024-07-28T19:20:59.8349516+07:00 0HN5EVUKV9FUE:00000017 [INF] Generating Validation headers. (20c08f55)
2024-07-28T19:20:59.8352798+07:00 0HN5EVUKV9FUE:00000017 [INF] Validation headers generated. ETag: Strong, "D4AC4677AC0B5AAE0503DCE16E999FC7". Last-Modified: Sun, 28 Jul 2024 12:20:59 GMT (c750ee1e)
2024-07-28T19:20:59.8353052+07:00 0HN5EVUKV9FUE:00000017 [INF] Generating Vary header. (c1174e38)
2024-07-28T19:20:59.8353225+07:00 0HN5EVUKV9FUE:00000017 [INF] Vary header generated: Accept, Accept-Language, Accept-Encoding. (e081213a)
2024-07-28T19:23:15.9204671+07:00 0HN5EVUKV9FUK:00000002 [INF] Checking for conditional GET/HEAD. (7e2efcb6)
2024-07-28T19:23:15.9205321+07:00 0HN5EVUKV9FUK:00000002 [INF] Not valid - no If-None-Match or If-Modified-Since headers. (00e43d04)
2024-07-28T19:23:15.9205456+07:00 0HN5EVUKV9FUK:00000002 [INF] Don't generate 304 - Not Modified.  Continue. (b6a7d473)
2024-07-28T19:23:15.9205746+07:00 0HN5EVUKV9FUK:00000002 [INF] Checking for conditional PUT/PATCH. (bf3cf9be)
2024-07-28T19:23:15.9205906+07:00 0HN5EVUKV9FUK:00000002 [INF] Not valid - method isn't PUT or PATCH. (671cb4f2)
2024-07-28T19:23:15.9206006+07:00 0HN5EVUKV9FUK:00000002 [INF] Don't generate 412 - Precondition Failed.  Continue. (08bc4a18)
2024-07-28T19:23:18.3310334+07:00 0HN5EVUKV9FUK:00000002 [INF] Generating expiration headers. (97875003)
2024-07-28T19:23:18.3310953+07:00 0HN5EVUKV9FUK:00000002 [INF] Expiration headers generated. Expires: Sun, 28 Jul 2024 12:23:18 GMT. Cache-Control: private,max-age=0,no-store,no-cache,must-revalidate. (51819795)
2024-07-28T19:23:18.3311111+07:00 0HN5EVUKV9FUK:00000002 [INF] Generating Validation headers. (20c08f55)
2024-07-28T19:23:18.3313980+07:00 0HN5EVUKV9FUK:00000002 [INF] Validation headers generated. ETag: Strong, "9A441BE88DD4826D63D37EFD07AF3A47". Last-Modified: Sun, 28 Jul 2024 12:23:18 GMT (126cb22f)
2024-07-28T19:23:18.3314170+07:00 0HN5EVUKV9FUK:00000002 [INF] Generating Vary header. (c1174e38)
2024-07-28T19:23:18.3314300+07:00 0HN5EVUKV9FUK:00000002 [INF] Vary header generated: Accept, Accept-Language, Accept-Encoding. (e081213a)
2024-07-28T19:23:30.3202926+07:00 0HN5EVUKV9FUK:00000003 [INF] Checking for conditional GET/HEAD. (7e2efcb6)
2024-07-28T19:23:30.3203394+07:00 0HN5EVUKV9FUK:00000003 [INF] Not valid - no If-None-Match or If-Modified-Since headers. (00e43d04)
2024-07-28T19:23:30.3203521+07:00 0HN5EVUKV9FUK:00000003 [INF] Don't generate 304 - Not Modified.  Continue. (b6a7d473)
2024-07-28T19:23:30.3203628+07:00 0HN5EVUKV9FUK:00000003 [INF] Checking for conditional PUT/PATCH. (bf3cf9be)
2024-07-28T19:23:30.3203723+07:00 0HN5EVUKV9FUK:00000003 [INF] Not valid - method isn't PUT or PATCH. (671cb4f2)
2024-07-28T19:23:30.3203822+07:00 0HN5EVUKV9FUK:00000003 [INF] Don't generate 412 - Precondition Failed.  Continue. (08bc4a18)
2024-07-28T19:23:32.5804337+07:00 0HN5EVUKV9FUK:00000003 [INF] Generating expiration headers. (97875003)
2024-07-28T19:23:32.5804982+07:00 0HN5EVUKV9FUK:00000003 [INF] Expiration headers generated. Expires: Sun, 28 Jul 2024 12:23:32 GMT. Cache-Control: private,max-age=0,no-store,no-cache,must-revalidate. (17e542cf)
2024-07-28T19:23:32.5805158+07:00 0HN5EVUKV9FUK:00000003 [INF] Generating Validation headers. (20c08f55)
2024-07-28T19:23:32.5807981+07:00 0HN5EVUKV9FUK:00000003 [INF] Validation headers generated. ETag: Strong, "1762BAC9B104C9E1A1D812BB07978831". Last-Modified: Sun, 28 Jul 2024 12:23:32 GMT (d9b35c9f)
2024-07-28T19:23:32.5808254+07:00 0HN5EVUKV9FUK:00000003 [INF] Generating Vary header. (c1174e38)
2024-07-28T19:23:32.5808469+07:00 0HN5EVUKV9FUK:00000003 [INF] Vary header generated: Accept, Accept-Language, Accept-Encoding. (e081213a)
2024-07-28T19:23:42.0205489+07:00  [INF] Application is shutting down... (90f52c38)
2024-07-28T19:23:42.0213224+07:00  [DBG] Hosting stopping (cbc9c32e)
2024-07-28T19:23:42.0274092+07:00  [DBG] Hosting stopped (73fd4889)
2024-07-28T19:23:45.7518801+07:00  [DBG] Hosting starting (32b26330)
2024-07-28T19:23:45.8311676+07:00  [INF] Now listening on: "http://localhost:5000" (d826f4b8)
2024-07-28T19:23:45.8313549+07:00  [INF] Application started. Press Ctrl+C to shut down. (dcaefe54)
2024-07-28T19:23:45.8314233+07:00  [INF] Hosting environment: "Development" (c3307c92)
2024-07-28T19:23:45.8314442+07:00  [INF] Content root path: "E:\defa\" (b5d60022)
2024-07-28T19:23:45.8314557+07:00  [DBG] Hosting started (e6def423)
2024-07-28T19:23:49.6778434+07:00  [INF] Application is shutting down... (90f52c38)
2024-07-28T19:23:49.6786922+07:00  [DBG] Hosting stopping (cbc9c32e)
2024-07-28T19:23:49.6849391+07:00  [DBG] Hosting stopped (73fd4889)
2024-07-28T19:23:59.8101556+07:00  [DBG] Hosting starting (32b26330)
2024-07-28T19:23:59.8888239+07:00  [INF] Now listening on: "http://localhost:5000" (d826f4b8)
2024-07-28T19:23:59.8889879+07:00  [INF] Application started. Press Ctrl+C to shut down. (dcaefe54)
2024-07-28T19:23:59.8890525+07:00  [INF] Hosting environment: "Development" (c3307c92)
2024-07-28T19:23:59.8890693+07:00  [INF] Content root path: "E:\defa\" (b5d60022)
2024-07-28T19:23:59.8890801+07:00  [DBG] Hosting started (e6def423)
2024-07-28T19:24:03.7017624+07:00 0HN5F00LG5OEN:00000002 [INF] Checking for conditional GET/HEAD. (7e2efcb6)
2024-07-28T19:24:03.7093814+07:00 0HN5F00LG5OEN:00000002 [INF] Not valid - no If-None-Match or If-Modified-Since headers. (00e43d04)
2024-07-28T19:24:03.7094937+07:00 0HN5F00LG5OEN:00000002 [INF] Don't generate 304 - Not Modified.  Continue. (b6a7d473)
2024-07-28T19:24:03.7112640+07:00 0HN5F00LG5OEN:00000002 [INF] Checking for conditional PUT/PATCH. (bf3cf9be)
2024-07-28T19:24:03.7113559+07:00 0HN5F00LG5OEN:00000002 [INF] Not valid - method isn't PUT or PATCH. (671cb4f2)
2024-07-28T19:24:03.7113931+07:00 0HN5F00LG5OEN:00000002 [INF] Don't generate 412 - Precondition Failed.  Continue. (08bc4a18)
2024-07-28T19:24:04.1014435+07:00 0HN5F00LG5OEN:00000002 [INF] Generating expiration headers. (97875003)
2024-07-28T19:24:04.1018260+07:00 0HN5F00LG5OEN:00000002 [INF] Expiration headers generated. Expires: Sun, 28 Jul 2024 12:24:04 GMT. Cache-Control: private,max-age=0,no-store,no-cache,must-revalidate. (0465d4f4)
2024-07-28T19:24:04.1032231+07:00 0HN5F00LG5OEN:00000002 [INF] Not generating Validation headers as the response status code does not indicate success. (2130aaa7)
2024-07-28T19:24:04.1034645+07:00 0HN5F00LG5OEN:00000002 [INF] Generating Vary header. (c1174e38)
2024-07-28T19:24:04.1035735+07:00 0HN5F00LG5OEN:00000002 [INF] Vary header generated: Accept, Accept-Language, Accept-Encoding. (e081213a)
2024-07-28T19:24:04.1245795+07:00 0HN5F00LG5OEN:00000003 [INF] Checking for conditional GET/HEAD. (7e2efcb6)
2024-07-28T19:24:04.1246792+07:00 0HN5F00LG5OEN:00000003 [INF] Not valid - no If-None-Match or If-Modified-Since headers. (00e43d04)
2024-07-28T19:24:04.1247064+07:00 0HN5F00LG5OEN:00000003 [INF] Don't generate 304 - Not Modified.  Continue. (b6a7d473)
2024-07-28T19:24:04.1247318+07:00 0HN5F00LG5OEN:00000003 [INF] Checking for conditional PUT/PATCH. (bf3cf9be)
2024-07-28T19:24:04.1247572+07:00 0HN5F00LG5OEN:00000003 [INF] Not valid - method isn't PUT or PATCH. (671cb4f2)
2024-07-28T19:24:04.1247806+07:00 0HN5F00LG5OEN:00000003 [INF] Don't generate 412 - Precondition Failed.  Continue. (08bc4a18)
2024-07-28T19:24:09.2344251+07:00 0HN5F00LG5OEN:00000003 [INF] Generating expiration headers. (97875003)
2024-07-28T19:24:09.2345653+07:00 0HN5F00LG5OEN:00000003 [INF] Expiration headers generated. Expires: Sun, 28 Jul 2024 12:24:09 GMT. Cache-Control: private,max-age=0,no-store,no-cache,must-revalidate. (41601c40)
2024-07-28T19:24:09.2345972+07:00 0HN5F00LG5OEN:00000003 [INF] Generating Validation headers. (20c08f55)
2024-07-28T19:24:09.2394407+07:00 0HN5F00LG5OEN:00000003 [INF] Validation headers generated. ETag: Strong, "D4B86A57234F369A8514CC4C659B7579". Last-Modified: Sun, 28 Jul 2024 12:24:09 GMT (f6cfee86)
2024-07-28T19:24:09.2395030+07:00 0HN5F00LG5OEN:00000003 [INF] Generating Vary header. (c1174e38)
2024-07-28T19:24:09.2395360+07:00 0HN5F00LG5OEN:00000003 [INF] Vary header generated: Accept, Accept-Language, Accept-Encoding. (e081213a)
2024-07-28T19:24:16.0374820+07:00 0HN5F00LG5OEN:00000004 [INF] Checking for conditional GET/HEAD. (7e2efcb6)
2024-07-28T19:24:16.0377139+07:00 0HN5F00LG5OEN:00000004 [INF] Not valid - method isn't GET or HEAD. (0be1d475)
2024-07-28T19:24:16.0377531+07:00 0HN5F00LG5OEN:00000004 [INF] Don't generate 304 - Not Modified.  Continue. (b6a7d473)
2024-07-28T19:24:16.0377842+07:00 0HN5F00LG5OEN:00000004 [INF] Checking for conditional PUT/PATCH. (bf3cf9be)
2024-07-28T19:24:16.0378058+07:00 0HN5F00LG5OEN:00000004 [INF] Not valid - method isn't PUT or PATCH. (671cb4f2)
2024-07-28T19:24:16.0378267+07:00 0HN5F00LG5OEN:00000004 [INF] Don't generate 412 - Precondition Failed.  Continue. (08bc4a18)
2024-07-28T19:24:16.2200124+07:00 0HN5F00LG5OEN:00000004 [INF] Generating expiration headers. (97875003)
2024-07-28T19:24:16.2201243+07:00 0HN5F00LG5OEN:00000004 [INF] Expiration headers generated. Expires: Sun, 28 Jul 2024 12:24:16 GMT. Cache-Control: private,max-age=0,no-store,no-cache,must-revalidate. (21fe8a8c)
2024-07-28T19:24:16.2201520+07:00 0HN5F00LG5OEN:00000004 [INF] Not generating Validation headers as the response status code does not indicate success. (2130aaa7)
2024-07-28T19:24:16.2201695+07:00 0HN5F00LG5OEN:00000004 [INF] Generating Vary header. (c1174e38)
2024-07-28T19:24:16.2201874+07:00 0HN5F00LG5OEN:00000004 [INF] Vary header generated: Accept, Accept-Language, Accept-Encoding. (e081213a)
2024-07-28T19:24:16.2292879+07:00 0HN5F00LG5OEN:00000005 [INF] Checking for conditional GET/HEAD. (7e2efcb6)
2024-07-28T19:24:16.2294124+07:00 0HN5F00LG5OEN:00000005 [INF] Not valid - no If-None-Match or If-Modified-Since headers. (00e43d04)
2024-07-28T19:24:16.2294323+07:00 0HN5F00LG5OEN:00000005 [INF] Don't generate 304 - Not Modified.  Continue. (b6a7d473)
2024-07-28T19:24:16.2294498+07:00 0HN5F00LG5OEN:00000005 [INF] Checking for conditional PUT/PATCH. (bf3cf9be)
2024-07-28T19:24:16.2294648+07:00 0HN5F00LG5OEN:00000005 [INF] Not valid - method isn't PUT or PATCH. (671cb4f2)
2024-07-28T19:24:16.2294787+07:00 0HN5F00LG5OEN:00000005 [INF] Don't generate 412 - Precondition Failed.  Continue. (08bc4a18)
2024-07-28T19:24:16.2857736+07:00 0HN5F00LG5OEN:00000005 [INF] Generating expiration headers. (97875003)
2024-07-28T19:24:16.2858579+07:00 0HN5F00LG5OEN:00000005 [INF] Expiration headers generated. Expires: Sun, 28 Jul 2024 12:24:16 GMT. Cache-Control: private,max-age=0,no-store,no-cache,must-revalidate. (21fe8a8c)
2024-07-28T19:24:16.2858761+07:00 0HN5F00LG5OEN:00000005 [INF] Not generating Validation headers as the response status code does not indicate success. (2130aaa7)
2024-07-28T19:24:16.2858923+07:00 0HN5F00LG5OEN:00000005 [INF] Generating Vary header. (c1174e38)
2024-07-28T19:24:16.2859079+07:00 0HN5F00LG5OEN:00000005 [INF] Vary header generated: Accept, Accept-Language, Accept-Encoding. (e081213a)
2024-07-28T19:24:16.2941558+07:00 0HN5F00LG5OEN:00000006 [INF] Checking for conditional GET/HEAD. (7e2efcb6)
2024-07-28T19:24:16.2942217+07:00 0HN5F00LG5OEN:00000006 [INF] Not valid - no If-None-Match or If-Modified-Since headers. (00e43d04)
2024-07-28T19:24:16.2942441+07:00 0HN5F00LG5OEN:00000006 [INF] Don't generate 304 - Not Modified.  Continue. (b6a7d473)
2024-07-28T19:24:16.2942603+07:00 0HN5F00LG5OEN:00000006 [INF] Checking for conditional PUT/PATCH. (bf3cf9be)
2024-07-28T19:24:16.2942776+07:00 0HN5F00LG5OEN:00000006 [INF] Not valid - method isn't PUT or PATCH. (671cb4f2)
2024-07-28T19:24:16.2943041+07:00 0HN5F00LG5OEN:00000006 [INF] Don't generate 412 - Precondition Failed.  Continue. (08bc4a18)
2024-07-28T19:24:19.3275094+07:00 0HN5F00LG5OEN:00000006 [ERR] An unhandled exception has occurred while executing the request. (48a46595)
Microsoft.Data.SqlClient.SqlException (0x80131904): A connection was successfully established with the server, but then an error occurred during the login process. (provider: Shared Memory Provider, error: 0 - No process is on the other end of the pipe.)
 ---> System.ComponentModel.Win32Exception (233): No process is on the other end of the pipe.
   at Microsoft.Data.SqlClient.SqlInternalConnection.OnError(SqlException exception, Boolean breakConnection, Action`1 wrapCloseInAction)
   at Microsoft.Data.SqlClient.TdsParser.ThrowExceptionAndWarning(TdsParserStateObject stateObj, Boolean callerHasConnectionLock, Boolean asyncClose)
   at Microsoft.Data.SqlClient.TdsParserStateObject.ThrowExceptionAndWarning(Boolean callerHasConnectionLock, Boolean asyncClose)
   at Microsoft.Data.SqlClient.TdsParserStateObject.ReadSniError(TdsParserStateObject stateObj, UInt32 error)
   at Microsoft.Data.SqlClient.TdsParserStateObject.ReadSniSyncOverAsync()
   at Microsoft.Data.SqlClient.TdsParserStateObject.TryReadNetworkPacket()
   at Microsoft.Data.SqlClient.TdsParserStateObject.TryPrepareBuffer()
   at Microsoft.Data.SqlClient.TdsParserStateObject.TryReadByte(Byte& value)
   at Microsoft.Data.SqlClient.TdsParser.TryRun(RunBehavior runBehavior, SqlCommand cmdHandler, SqlDataReader dataStream, BulkCopySimpleResultSet bulkCopyHandler, TdsParserStateObject stateObj, Boolean& dataReady)
   at Microsoft.Data.SqlClient.TdsParser.Run(RunBehavior runBehavior, SqlCommand cmdHandler, SqlDataReader dataStream, BulkCopySimpleResultSet bulkCopyHandler, TdsParserStateObject stateObj)
   at Microsoft.Data.SqlClient.SqlInternalConnectionTds.CompleteLogin(Boolean enlistOK)
   at Microsoft.Data.SqlClient.SqlInternalConnectionTds.AttemptOneLogin(ServerInfo serverInfo, String newPassword, SecureString newSecurePassword, Boolean ignoreSniOpenTimeout, TimeoutTimer timeout, Boolean withFailover)
   at Microsoft.Data.SqlClient.SqlInternalConnectionTds.LoginNoFailover(ServerInfo serverInfo, String newPassword, SecureString newSecurePassword, Boolean redirectedUserInstance, SqlConnectionString connectionOptions, SqlCredential credential, TimeoutTimer timeout)
   at Microsoft.Data.SqlClient.SqlInternalConnectionTds.OpenLoginEnlist(TimeoutTimer timeout, SqlConnectionString connectionOptions, SqlCredential credential, String newPassword, SecureString newSecurePassword, Boolean redirectedUserInstance)
   at Microsoft.Data.SqlClient.SqlInternalConnectionTds..ctor(DbConnectionPoolIdentity identity, SqlConnectionString connectionOptions, SqlCredential credential, Object providerInfo, String newPassword, SecureString newSecurePassword, Boolean redirectedUserInstance, SqlConnectionString userConnectionOptions, SessionData reconnectSessionData, Boolean applyTransientFaultHandling, String accessToken, DbConnectionPool pool)
   at Microsoft.Data.SqlClient.SqlConnectionFactory.CreateConnection(DbConnectionOptions options, DbConnectionPoolKey poolKey, Object poolGroupProviderInfo, DbConnectionPool pool, DbConnection owningConnection, DbConnectionOptions userOptions)
   at Microsoft.Data.ProviderBase.DbConnectionFactory.CreateNonPooledConnection(DbConnection owningConnection, DbConnectionPoolGroup poolGroup, DbConnectionOptions userOptions)
   at Microsoft.Data.ProviderBase.DbConnectionFactory.<>c__DisplayClass48_0.<CreateReplaceConnectionContinuation>b__0(Task`1 _)
   at System.Threading.Tasks.ContinuationResultTaskFromResultTask`2.InnerInvoke()
   at System.Threading.ExecutionContext.RunInternal(ExecutionContext executionContext, ContextCallback callback, Object state)
--- End of stack trace from previous location ---
   at System.Threading.Tasks.Task.ExecuteWithThreadLocal(Task& currentTaskSlot, Thread threadPoolThread)
--- End of stack trace from previous location ---
   at ASPNETMaker2023.Models.defa.DatabaseConnectionBase`4.OpenConnectionAsync() in E:\defa\Models\src\DatabaseConnectionBase.cs:line 369
   at ASPNETMaker2023.Models.defa.DatabaseConnectionBase`4.OpenConnection() in E:\defa\Models\src\DatabaseConnectionBase.cs:line 396
   at ASPNETMaker2023.Models.defa.DatabaseConnectionBase`4.<.ctor>b__20_1() in E:\defa\Models\src\DatabaseConnectionBase.cs:line 47
   at System.Lazy`1.ViaFactory(LazyThreadSafetyMode mode)
   at System.Lazy`1.ExecutionAndPublication(LazyHelper executionAndPublication, Boolean useDefaultConstructor)
   at System.Lazy`1.CreateValue()
   at ASPNETMaker2023.Models.defa.DatabaseConnectionBase`4.get_DbConn2() in E:\defa\Models\src\DatabaseConnectionBase.cs:line 72
   at ASPNETMaker2023.Models.defa.DatabaseConnectionBase`4.ExecuteScalar(String sql, Object param, IDbTransaction transaction, Nullable`1 commandTimeout, Nullable`1 commandType, Boolean main) in E:\defa\Models\src\DatabaseConnectionBase.cs:line 268
   at CallSite.Target(Closure , CallSite , Object , String )
   at System.Dynamic.UpdateDelegates.UpdateAndExecute2[T0,T1,TRet](CallSite site, T0 arg0, T1 arg1)
   at ASPNETMaker2023.Models.defa.ExecuteScalar(String sql, String dbid) in E:\defa\Models\aspnetfn.cs:line 6104
   at AspNetCore._Views_Home_Dashboard.ExecuteAsync() in E:\defa\Views\Home\Dashboard.cshtml:line 169
   at Microsoft.AspNetCore.Mvc.Razor.RazorView.RenderPageCoreAsync(IRazorPage page, ViewContext context)
   at Microsoft.AspNetCore.Mvc.Razor.RazorView.RenderPageAsync(IRazorPage page, ViewContext context, Boolean invokeViewStarts)
   at Microsoft.AspNetCore.Mvc.Razor.RazorView.RenderAsync(ViewContext context)
   at Microsoft.AspNetCore.Mvc.ViewFeatures.ViewExecutor.ExecuteAsync(ViewContext viewContext, String contentType, Nullable`1 statusCode)
   at Microsoft.AspNetCore.Mvc.ViewFeatures.ViewExecutor.ExecuteAsync(ViewContext viewContext, String contentType, Nullable`1 statusCode)
   at Microsoft.AspNetCore.Mvc.ViewFeatures.ViewExecutor.ExecuteAsync(ActionContext actionContext, IView view, ViewDataDictionary viewData, ITempDataDictionary tempData, String contentType, Nullable`1 statusCode)
   at Microsoft.AspNetCore.Mvc.ViewFeatures.ViewResultExecutor.ExecuteAsync(ActionContext context, ViewResult result)
   at Microsoft.AspNetCore.Mvc.ViewResult.ExecuteResultAsync(ActionContext context)
   at Microsoft.AspNetCore.Mvc.Infrastructure.ResourceInvoker.<InvokeNextResultFilterAsync>g__Awaited|30_0[TFilter,TFilterAsync](ResourceInvoker invoker, Task lastTask, State next, Scope scope, Object state, Boolean isCompleted)
   at Microsoft.AspNetCore.Mvc.Infrastructure.ResourceInvoker.Rethrow(ResultExecutedContextSealed context)
   at Microsoft.AspNetCore.Mvc.Infrastructure.ResourceInvoker.ResultNext[TFilter,TFilterAsync](State& next, Scope& scope, Object& state, Boolean& isCompleted)
   at Microsoft.AspNetCore.Mvc.Infrastructure.ResourceInvoker.InvokeResultFilters()
--- End of stack trace from previous location ---
   at Microsoft.AspNetCore.Mvc.Infrastructure.ResourceInvoker.<InvokeNextResourceFilter>g__Awaited|25_0(ResourceInvoker invoker, Task lastTask, State next, Scope scope, Object state, Boolean isCompleted)
   at Microsoft.AspNetCore.Mvc.Infrastructure.ResourceInvoker.Rethrow(ResourceExecutedContextSealed context)
   at Microsoft.AspNetCore.Mvc.Infrastructure.ResourceInvoker.Next(State& next, Scope& scope, Object& state, Boolean& isCompleted)
   at Microsoft.AspNetCore.Mvc.Infrastructure.ResourceInvoker.<InvokeFilterPipelineAsync>g__Awaited|20_0(ResourceInvoker invoker, Task lastTask, State next, Scope scope, Object state, Boolean isCompleted)
   at Microsoft.AspNetCore.Mvc.Infrastructure.ResourceInvoker.<InvokeAsync>g__Awaited|17_0(ResourceInvoker invoker, Task task, IDisposable scope)
   at Microsoft.AspNetCore.Mvc.Infrastructure.ResourceInvoker.<InvokeAsync>g__Awaited|17_0(ResourceInvoker invoker, Task task, IDisposable scope)
   at Microsoft.AspNetCore.Routing.EndpointMiddleware.<Invoke>g__AwaitRequestTask|6_0(Endpoint endpoint, Task requestTask, ILogger logger)
   at Microsoft.AspNetCore.Authorization.Policy.AuthorizationMiddlewareResultHandler.HandleAsync(RequestDelegate next, HttpContext context, AuthorizationPolicy policy, PolicyAuthorizationResult authorizeResult)
   at Microsoft.AspNetCore.Authorization.AuthorizationMiddleware.Invoke(HttpContext context)
   at Microsoft.AspNetCore.Authentication.AuthenticationMiddleware.Invoke(HttpContext context)
   at Microsoft.AspNetCore.Session.SessionMiddleware.Invoke(HttpContext context)
   at Microsoft.AspNetCore.Session.SessionMiddleware.Invoke(HttpContext context)
   at Marvin.Cache.Headers.HttpCacheHeadersMiddleware.HandleResponse(HttpContext httpContext)
   at Marvin.Cache.Headers.HttpCacheHeadersMiddleware.Invoke(HttpContext httpContext, IValidatorValueInvalidator validatorValueInvalidator)
   at Microsoft.AspNetCore.Localization.RequestLocalizationMiddleware.Invoke(HttpContext context)
   at Microsoft.AspNetCore.Diagnostics.DeveloperExceptionPageMiddleware.Invoke(HttpContext context)
ClientConnectionId:b04c894e-e0d3-464b-bc79-9c0ef8e5ba4e
Error Number:233,State:0,Class:20
2024-07-28T19:24:59.2972931+07:00 0HN5F00LG5OEN:00000007 [INF] Checking for conditional GET/HEAD. (7e2efcb6)
2024-07-28T19:24:59.2973690+07:00 0HN5F00LG5OEN:00000007 [INF] Not valid - no If-None-Match or If-Modified-Since headers. (00e43d04)
2024-07-28T19:24:59.2974159+07:00 0HN5F00LG5OEN:00000007 [INF] Don't generate 304 - Not Modified.  Continue. (b6a7d473)
2024-07-28T19:24:59.2974438+07:00 0HN5F00LG5OEN:00000007 [INF] Checking for conditional PUT/PATCH. (bf3cf9be)
2024-07-28T19:24:59.2974704+07:00 0HN5F00LG5OEN:00000007 [INF] Not valid - method isn't PUT or PATCH. (671cb4f2)
2024-07-28T19:24:59.2975153+07:00 0HN5F00LG5OEN:00000007 [INF] Don't generate 412 - Precondition Failed.  Continue. (08bc4a18)
2024-07-28T19:25:01.7610718+07:00 0HN5F00LG5OEN:00000007 [INF] Generating expiration headers. (97875003)
2024-07-28T19:25:01.7611540+07:00 0HN5F00LG5OEN:00000007 [INF] Expiration headers generated. Expires: Sun, 28 Jul 2024 12:25:01 GMT. Cache-Control: private,max-age=0,no-store,no-cache,must-revalidate. (bdf57183)
2024-07-28T19:25:01.7611751+07:00 0HN5F00LG5OEN:00000007 [INF] Generating Validation headers. (20c08f55)
2024-07-28T19:25:01.7615820+07:00 0HN5F00LG5OEN:00000007 [INF] Validation headers generated. ETag: Strong, "1E192057E9E8E453824C361334F23AC7". Last-Modified: Sun, 28 Jul 2024 12:25:01 GMT (7cb1e281)
2024-07-28T19:25:01.7616044+07:00 0HN5F00LG5OEN:00000007 [INF] Generating Vary header. (c1174e38)
2024-07-28T19:25:01.7616182+07:00 0HN5F00LG5OEN:00000007 [INF] Vary header generated: Accept, Accept-Language, Accept-Encoding. (e081213a)
2024-07-28T19:25:05.5748973+07:00 0HN5F00LG5OEN:00000008 [INF] Checking for conditional GET/HEAD. (7e2efcb6)
2024-07-28T19:25:05.5749838+07:00 0HN5F00LG5OEN:00000008 [INF] Not valid - no If-None-Match or If-Modified-Since headers. (00e43d04)
2024-07-28T19:25:05.5750129+07:00 0HN5F00LG5OEN:00000008 [INF] Don't generate 304 - Not Modified.  Continue. (b6a7d473)
2024-07-28T19:25:05.5750307+07:00 0HN5F00LG5OEN:00000008 [INF] Checking for conditional PUT/PATCH. (bf3cf9be)
2024-07-28T19:25:05.5750418+07:00 0HN5F00LG5OEN:00000008 [INF] Not valid - method isn't PUT or PATCH. (671cb4f2)
2024-07-28T19:25:05.5750515+07:00 0HN5F00LG5OEN:00000008 [INF] Don't generate 412 - Precondition Failed.  Continue. (08bc4a18)
2024-07-28T19:25:07.8804849+07:00 0HN5F00LG5OEN:00000008 [INF] Generating expiration headers. (97875003)
2024-07-28T19:25:07.8805604+07:00 0HN5F00LG5OEN:00000008 [INF] Expiration headers generated. Expires: Sun, 28 Jul 2024 12:25:07 GMT. Cache-Control: private,max-age=0,no-store,no-cache,must-revalidate. (20a9b804)
2024-07-28T19:25:07.8805774+07:00 0HN5F00LG5OEN:00000008 [INF] Generating Validation headers. (20c08f55)
2024-07-28T19:25:07.8810347+07:00 0HN5F00LG5OEN:00000008 [INF] Validation headers generated. ETag: Strong, "F456B7DE60B922BEDC2C38CF4776412A". Last-Modified: Sun, 28 Jul 2024 12:25:07 GMT (79833777)
2024-07-28T19:25:07.8810677+07:00 0HN5F00LG5OEN:00000008 [INF] Generating Vary header. (c1174e38)
2024-07-28T19:25:07.8810850+07:00 0HN5F00LG5OEN:00000008 [INF] Vary header generated: Accept, Accept-Language, Accept-Encoding. (e081213a)
2024-07-28T19:25:18.7567045+07:00 0HN5F00LG5OEN:00000009 [INF] Checking for conditional GET/HEAD. (7e2efcb6)
2024-07-28T19:25:18.7567627+07:00 0HN5F00LG5OEN:00000009 [INF] Not valid - no If-None-Match or If-Modified-Since headers. (00e43d04)
2024-07-28T19:25:18.7567861+07:00 0HN5F00LG5OEN:00000009 [INF] Don't generate 304 - Not Modified.  Continue. (b6a7d473)
2024-07-28T19:25:18.7567966+07:00 0HN5F00LG5OEN:00000009 [INF] Checking for conditional PUT/PATCH. (bf3cf9be)
2024-07-28T19:25:18.7568079+07:00 0HN5F00LG5OEN:00000009 [INF] Not valid - method isn't PUT or PATCH. (671cb4f2)
2024-07-28T19:25:18.7568186+07:00 0HN5F00LG5OEN:00000009 [INF] Don't generate 412 - Precondition Failed.  Continue. (08bc4a18)
2024-07-28T19:25:21.3096728+07:00 0HN5F00LG5OEN:00000009 [INF] Generating expiration headers. (97875003)
2024-07-28T19:25:21.3097311+07:00 0HN5F00LG5OEN:00000009 [INF] Expiration headers generated. Expires: Sun, 28 Jul 2024 12:25:21 GMT. Cache-Control: private,max-age=0,no-store,no-cache,must-revalidate. (5ef7e2b9)
2024-07-28T19:25:21.3097460+07:00 0HN5F00LG5OEN:00000009 [INF] Generating Validation headers. (20c08f55)
2024-07-28T19:25:21.3099738+07:00 0HN5F00LG5OEN:00000009 [INF] Validation headers generated. ETag: Strong, "8DBF772E131420DD407F94CF1C435BDD". Last-Modified: Sun, 28 Jul 2024 12:25:21 GMT (e03ec5e6)
2024-07-28T19:25:21.3099916+07:00 0HN5F00LG5OEN:00000009 [INF] Generating Vary header. (c1174e38)
2024-07-28T19:25:21.3100046+07:00 0HN5F00LG5OEN:00000009 [INF] Vary header generated: Accept, Accept-Language, Accept-Encoding. (e081213a)
2024-07-28T19:28:13.5791275+07:00 0HN5F00LG5OEQ:00000002 [INF] Checking for conditional GET/HEAD. (7e2efcb6)
2024-07-28T19:28:13.5792112+07:00 0HN5F00LG5OEQ:00000002 [INF] Not valid - no If-None-Match or If-Modified-Since headers. (00e43d04)
2024-07-28T19:28:13.5792387+07:00 0HN5F00LG5OEQ:00000002 [INF] Don't generate 304 - Not Modified.  Continue. (b6a7d473)
2024-07-28T19:28:13.5793233+07:00 0HN5F00LG5OEQ:00000002 [INF] Checking for conditional PUT/PATCH. (bf3cf9be)
2024-07-28T19:28:13.5793703+07:00 0HN5F00LG5OEQ:00000002 [INF] Not valid - method isn't PUT or PATCH. (671cb4f2)
2024-07-28T19:28:13.5793923+07:00 0HN5F00LG5OEQ:00000002 [INF] Don't generate 412 - Precondition Failed.  Continue. (08bc4a18)
2024-07-28T19:28:15.9992105+07:00 0HN5F00LG5OEQ:00000002 [INF] Generating expiration headers. (97875003)
2024-07-28T19:28:15.9992986+07:00 0HN5F00LG5OEQ:00000002 [INF] Expiration headers generated. Expires: Sun, 28 Jul 2024 12:28:15 GMT. Cache-Control: private,max-age=0,no-store,no-cache,must-revalidate. (a103c60f)
2024-07-28T19:28:15.9993381+07:00 0HN5F00LG5OEQ:00000002 [INF] Generating Validation headers. (20c08f55)
2024-07-28T19:28:15.9997095+07:00 0HN5F00LG5OEQ:00000002 [INF] Validation headers generated. ETag: Strong, "0785CC6764C5CE2183A71E230720B0A9". Last-Modified: Sun, 28 Jul 2024 12:28:15 GMT (3e609269)
2024-07-28T19:28:15.9997319+07:00 0HN5F00LG5OEQ:00000002 [INF] Generating Vary header. (c1174e38)
2024-07-28T19:28:15.9997458+07:00 0HN5F00LG5OEQ:00000002 [INF] Vary header generated: Accept, Accept-Language, Accept-Encoding. (e081213a)
2024-07-28T19:28:36.3378702+07:00 0HN5F00LG5OEQ:00000003 [INF] Checking for conditional GET/HEAD. (7e2efcb6)
2024-07-28T19:28:36.3379344+07:00 0HN5F00LG5OEQ:00000003 [INF] Not valid - no If-None-Match or If-Modified-Since headers. (00e43d04)
2024-07-28T19:28:36.3379565+07:00 0HN5F00LG5OEQ:00000003 [INF] Don't generate 304 - Not Modified.  Continue. (b6a7d473)
2024-07-28T19:28:36.3379703+07:00 0HN5F00LG5OEQ:00000003 [INF] Checking for conditional PUT/PATCH. (bf3cf9be)
2024-07-28T19:28:36.3379865+07:00 0HN5F00LG5OEQ:00000003 [INF] Not valid - method isn't PUT or PATCH. (671cb4f2)
2024-07-28T19:28:36.3380015+07:00 0HN5F00LG5OEQ:00000003 [INF] Don't generate 412 - Precondition Failed.  Continue. (08bc4a18)
2024-07-28T19:28:38.6213744+07:00 0HN5F00LG5OEQ:00000003 [INF] Generating expiration headers. (97875003)
2024-07-28T19:28:38.6214364+07:00 0HN5F00LG5OEQ:00000003 [INF] Expiration headers generated. Expires: Sun, 28 Jul 2024 12:28:38 GMT. Cache-Control: private,max-age=0,no-store,no-cache,must-revalidate. (fd341ef0)
2024-07-28T19:28:38.6214522+07:00 0HN5F00LG5OEQ:00000003 [INF] Generating Validation headers. (20c08f55)
2024-07-28T19:28:38.6217140+07:00 0HN5F00LG5OEQ:00000003 [INF] Validation headers generated. ETag: Strong, "07E53EE0108F4BE0B6A868B5969F9C8A". Last-Modified: Sun, 28 Jul 2024 12:28:38 GMT (0fd0152f)
2024-07-28T19:28:38.6217324+07:00 0HN5F00LG5OEQ:00000003 [INF] Generating Vary header. (c1174e38)
2024-07-28T19:28:38.6217469+07:00 0HN5F00LG5OEQ:00000003 [INF] Vary header generated: Accept, Accept-Language, Accept-Encoding. (e081213a)
2024-07-28T19:28:45.1057337+07:00 0HN5F00LG5OEQ:00000004 [INF] Checking for conditional GET/HEAD. (7e2efcb6)
2024-07-28T19:28:45.1057852+07:00 0HN5F00LG5OEQ:00000004 [INF] Not valid - no If-None-Match or If-Modified-Since headers. (00e43d04)
2024-07-28T19:28:45.1057983+07:00 0HN5F00LG5OEQ:00000004 [INF] Don't generate 304 - Not Modified.  Continue. (b6a7d473)
2024-07-28T19:28:45.1058094+07:00 0HN5F00LG5OEQ:00000004 [INF] Checking for conditional PUT/PATCH. (bf3cf9be)
2024-07-28T19:28:45.1058233+07:00 0HN5F00LG5OEQ:00000004 [INF] Not valid - method isn't PUT or PATCH. (671cb4f2)
2024-07-28T19:28:45.1058439+07:00 0HN5F00LG5OEQ:00000004 [INF] Don't generate 412 - Precondition Failed.  Continue. (08bc4a18)
2024-07-28T19:28:47.3770904+07:00 0HN5F00LG5OEQ:00000004 [INF] Generating expiration headers. (97875003)
2024-07-28T19:28:47.3771471+07:00 0HN5F00LG5OEQ:00000004 [INF] Expiration headers generated. Expires: Sun, 28 Jul 2024 12:28:47 GMT. Cache-Control: private,max-age=0,no-store,no-cache,must-revalidate. (a47b5c79)
2024-07-28T19:28:47.3771641+07:00 0HN5F00LG5OEQ:00000004 [INF] Generating Validation headers. (20c08f55)
2024-07-28T19:28:47.3774370+07:00 0HN5F00LG5OEQ:00000004 [INF] Validation headers generated. ETag: Strong, "392C8DFB7059F6023AE6FCC02598FB9B". Last-Modified: Sun, 28 Jul 2024 12:28:47 GMT (df9a506a)
2024-07-28T19:28:47.3774563+07:00 0HN5F00LG5OEQ:00000004 [INF] Generating Vary header. (c1174e38)
2024-07-28T19:28:47.3794520+07:00 0HN5F00LG5OEQ:00000004 [INF] Vary header generated: Accept, Accept-Language, Accept-Encoding. (e081213a)
2024-07-28T19:29:18.4666457+07:00 0HN5F00LG5OEQ:00000005 [INF] Checking for conditional GET/HEAD. (7e2efcb6)
2024-07-28T19:29:18.4666960+07:00 0HN5F00LG5OEQ:00000005 [INF] Not valid - no If-None-Match or If-Modified-Since headers. (00e43d04)
2024-07-28T19:29:18.4667074+07:00 0HN5F00LG5OEQ:00000005 [INF] Don't generate 304 - Not Modified.  Continue. (b6a7d473)
2024-07-28T19:29:18.4667180+07:00 0HN5F00LG5OEQ:00000005 [INF] Checking for conditional PUT/PATCH. (bf3cf9be)
2024-07-28T19:29:18.4667286+07:00 0HN5F00LG5OEQ:00000005 [INF] Not valid - method isn't PUT or PATCH. (671cb4f2)
2024-07-28T19:29:18.4667381+07:00 0HN5F00LG5OEQ:00000005 [INF] Don't generate 412 - Precondition Failed.  Continue. (08bc4a18)
2024-07-28T19:29:20.7372667+07:00 0HN5F00LG5OEQ:00000005 [INF] Generating expiration headers. (97875003)
2024-07-28T19:29:20.7373316+07:00 0HN5F00LG5OEQ:00000005 [INF] Expiration headers generated. Expires: Sun, 28 Jul 2024 12:29:20 GMT. Cache-Control: private,max-age=0,no-store,no-cache,must-revalidate. (bff46fa5)
2024-07-28T19:29:20.7373491+07:00 0HN5F00LG5OEQ:00000005 [INF] Generating Validation headers. (20c08f55)
2024-07-28T19:29:20.7376299+07:00 0HN5F00LG5OEQ:00000005 [INF] Validation headers generated. ETag: Strong, "7CB45766E284C2334DB3626352EB82E7". Last-Modified: Sun, 28 Jul 2024 12:29:20 GMT (86b27303)
2024-07-28T19:29:20.7376493+07:00 0HN5F00LG5OEQ:00000005 [INF] Generating Vary header. (c1174e38)
2024-07-28T19:29:20.7376608+07:00 0HN5F00LG5OEQ:00000005 [INF] Vary header generated: Accept, Accept-Language, Accept-Encoding. (e081213a)
2024-07-28T19:29:31.0133458+07:00 0HN5F00LG5OEQ:00000006 [INF] Checking for conditional GET/HEAD. (7e2efcb6)
2024-07-28T19:29:31.0133955+07:00 0HN5F00LG5OEQ:00000006 [INF] Not valid - no If-None-Match or If-Modified-Since headers. (00e43d04)
2024-07-28T19:29:31.0134070+07:00 0HN5F00LG5OEQ:00000006 [INF] Don't generate 304 - Not Modified.  Continue. (b6a7d473)
2024-07-28T19:29:31.0134196+07:00 0HN5F00LG5OEQ:00000006 [INF] Checking for conditional PUT/PATCH. (bf3cf9be)
2024-07-28T19:29:31.0134293+07:00 0HN5F00LG5OEQ:00000006 [INF] Not valid - method isn't PUT or PATCH. (671cb4f2)
2024-07-28T19:29:31.0134389+07:00 0HN5F00LG5OEQ:00000006 [INF] Don't generate 412 - Precondition Failed.  Continue. (08bc4a18)
2024-07-28T19:29:33.2848086+07:00 0HN5F00LG5OEQ:00000006 [INF] Generating expiration headers. (97875003)
2024-07-28T19:29:33.2848749+07:00 0HN5F00LG5OEQ:00000006 [INF] Expiration headers generated. Expires: Sun, 28 Jul 2024 12:29:33 GMT. Cache-Control: private,max-age=0,no-store,no-cache,must-revalidate. (2690d062)
2024-07-28T19:29:33.2848999+07:00 0HN5F00LG5OEQ:00000006 [INF] Generating Validation headers. (20c08f55)
2024-07-28T19:29:33.2853065+07:00 0HN5F00LG5OEQ:00000006 [INF] Validation headers generated. ETag: Strong, "C66FA5F653F43967B9EBFA00C40FD27B". Last-Modified: Sun, 28 Jul 2024 12:29:33 GMT (d820586d)
2024-07-28T19:29:33.2853352+07:00 0HN5F00LG5OEQ:00000006 [INF] Generating Vary header. (c1174e38)
2024-07-28T19:29:33.2853534+07:00 0HN5F00LG5OEQ:00000006 [INF] Vary header generated: Accept, Accept-Language, Accept-Encoding. (e081213a)
2024-07-28T19:29:54.4319871+07:00 0HN5F00LG5OEQ:00000007 [INF] Checking for conditional GET/HEAD. (7e2efcb6)
2024-07-28T19:29:54.4320400+07:00 0HN5F00LG5OEQ:00000007 [INF] Not valid - no If-None-Match or If-Modified-Since headers. (00e43d04)
2024-07-28T19:29:54.4320516+07:00 0HN5F00LG5OEQ:00000007 [INF] Don't generate 304 - Not Modified.  Continue. (b6a7d473)
2024-07-28T19:29:54.4320641+07:00 0HN5F00LG5OEQ:00000007 [INF] Checking for conditional PUT/PATCH. (bf3cf9be)
2024-07-28T19:29:54.4320750+07:00 0HN5F00LG5OEQ:00000007 [INF] Not valid - method isn't PUT or PATCH. (671cb4f2)
2024-07-28T19:29:54.4320845+07:00 0HN5F00LG5OEQ:00000007 [INF] Don't generate 412 - Precondition Failed.  Continue. (08bc4a18)
2024-07-28T19:29:56.6961206+07:00 0HN5F00LG5OEQ:00000007 [INF] Generating expiration headers. (97875003)
2024-07-28T19:29:56.6961769+07:00 0HN5F00LG5OEQ:00000007 [INF] Expiration headers generated. Expires: Sun, 28 Jul 2024 12:29:56 GMT. Cache-Control: private,max-age=0,no-store,no-cache,must-revalidate. (7dd9e501)
2024-07-28T19:29:56.6961935+07:00 0HN5F00LG5OEQ:00000007 [INF] Generating Validation headers. (20c08f55)
2024-07-28T19:29:56.6964653+07:00 0HN5F00LG5OEQ:00000007 [INF] Validation headers generated. ETag: Strong, "D9070275D2774D5FBED0C8503FF70211". Last-Modified: Sun, 28 Jul 2024 12:29:56 GMT (7a8b2f14)
2024-07-28T19:29:56.6964855+07:00 0HN5F00LG5OEQ:00000007 [INF] Generating Vary header. (c1174e38)
2024-07-28T19:29:56.6964983+07:00 0HN5F00LG5OEQ:00000007 [INF] Vary header generated: Accept, Accept-Language, Accept-Encoding. (e081213a)
2024-07-28T19:30:05.8466771+07:00 0HN5F00LG5OEQ:00000008 [INF] Checking for conditional GET/HEAD. (7e2efcb6)
2024-07-28T19:30:05.8467398+07:00 0HN5F00LG5OEQ:00000008 [INF] Not valid - no If-None-Match or If-Modified-Since headers. (00e43d04)
2024-07-28T19:30:05.8467590+07:00 0HN5F00LG5OEQ:00000008 [INF] Don't generate 304 - Not Modified.  Continue. (b6a7d473)
2024-07-28T19:30:05.8467745+07:00 0HN5F00LG5OEQ:00000008 [INF] Checking for conditional PUT/PATCH. (bf3cf9be)
2024-07-28T19:30:05.8467846+07:00 0HN5F00LG5OEQ:00000008 [INF] Not valid - method isn't PUT or PATCH. (671cb4f2)
2024-07-28T19:30:05.8467950+07:00 0HN5F00LG5OEQ:00000008 [INF] Don't generate 412 - Precondition Failed.  Continue. (08bc4a18)
2024-07-28T19:30:13.1137476+07:00 0HN5F00LG5OEQ:00000008 [INF] Generating expiration headers. (97875003)
2024-07-28T19:30:13.1138135+07:00 0HN5F00LG5OEQ:00000008 [INF] Expiration headers generated. Expires: Sun, 28 Jul 2024 12:30:13 GMT. Cache-Control: private,max-age=0,no-store,no-cache,must-revalidate. (dec1412c)
2024-07-28T19:30:13.1138303+07:00 0HN5F00LG5OEQ:00000008 [INF] Generating Validation headers. (20c08f55)
2024-07-28T19:30:13.1161263+07:00 0HN5F00LG5OEQ:00000008 [INF] Validation headers generated. ETag: Strong, "1AE05C69D1F09B31F3A299D6EFAEC6AD". Last-Modified: Sun, 28 Jul 2024 12:30:13 GMT (5f111d43)
2024-07-28T19:30:13.1161699+07:00 0HN5F00LG5OEQ:00000008 [INF] Generating Vary header. (c1174e38)
2024-07-28T19:30:13.1161839+07:00 0HN5F00LG5OEQ:00000008 [INF] Vary header generated: Accept, Accept-Language, Accept-Encoding. (e081213a)
2024-07-28T19:30:45.6800461+07:00 0HN5F00LG5OEQ:00000009 [INF] Checking for conditional GET/HEAD. (7e2efcb6)
2024-07-28T19:30:45.6801011+07:00 0HN5F00LG5OEQ:00000009 [INF] Not valid - no If-None-Match or If-Modified-Since headers. (00e43d04)
2024-07-28T19:30:45.6801143+07:00 0HN5F00LG5OEQ:00000009 [INF] Don't generate 304 - Not Modified.  Continue. (b6a7d473)
2024-07-28T19:30:45.6801271+07:00 0HN5F00LG5OEQ:00000009 [INF] Checking for conditional PUT/PATCH. (bf3cf9be)
2024-07-28T19:30:45.6801372+07:00 0HN5F00LG5OEQ:00000009 [INF] Not valid - method isn't PUT or PATCH. (671cb4f2)
2024-07-28T19:30:45.6801467+07:00 0HN5F00LG5OEQ:00000009 [INF] Don't generate 412 - Precondition Failed.  Continue. (08bc4a18)
2024-07-28T19:30:48.0170566+07:00 0HN5F00LG5OEQ:00000009 [INF] Generating expiration headers. (97875003)
2024-07-28T19:30:48.0172040+07:00 0HN5F00LG5OEQ:00000009 [INF] Expiration headers generated. Expires: Sun, 28 Jul 2024 12:30:48 GMT. Cache-Control: private,max-age=0,no-store,no-cache,must-revalidate. (a22c2445)
2024-07-28T19:30:48.0172404+07:00 0HN5F00LG5OEQ:00000009 [INF] Generating Validation headers. (20c08f55)
2024-07-28T19:30:48.0177455+07:00 0HN5F00LG5OEQ:00000009 [INF] Validation headers generated. ETag: Strong, "4984522EE92D6A9EF5BF1B0D174BD3EC". Last-Modified: Sun, 28 Jul 2024 12:30:48 GMT (84077869)
2024-07-28T19:30:48.0177784+07:00 0HN5F00LG5OEQ:00000009 [INF] Generating Vary header. (c1174e38)
2024-07-28T19:30:48.0177968+07:00 0HN5F00LG5OEQ:00000009 [INF] Vary header generated: Accept, Accept-Language, Accept-Encoding. (e081213a)
2024-07-28T19:31:28.0271576+07:00 0HN5F00LG5OEQ:0000000A [INF] Checking for conditional GET/HEAD. (7e2efcb6)
2024-07-28T19:31:28.0272247+07:00 0HN5F00LG5OEQ:0000000A [INF] Not valid - no If-None-Match or If-Modified-Since headers. (00e43d04)
2024-07-28T19:31:28.0272469+07:00 0HN5F00LG5OEQ:0000000A [INF] Don't generate 304 - Not Modified.  Continue. (b6a7d473)
2024-07-28T19:31:28.0272648+07:00 0HN5F00LG5OEQ:0000000A [INF] Checking for conditional PUT/PATCH. (bf3cf9be)
2024-07-28T19:31:28.0272827+07:00 0HN5F00LG5OEQ:0000000A [INF] Not valid - method isn't PUT or PATCH. (671cb4f2)
2024-07-28T19:31:28.0272989+07:00 0HN5F00LG5OEQ:0000000A [INF] Don't generate 412 - Precondition Failed.  Continue. (08bc4a18)
2024-07-28T19:31:33.2810904+07:00 0HN5F00LG5OEQ:0000000A [INF] Generating expiration headers. (97875003)
2024-07-28T19:31:33.2811716+07:00 0HN5F00LG5OEQ:0000000A [INF] Expiration headers generated. Expires: Sun, 28 Jul 2024 12:31:33 GMT. Cache-Control: private,max-age=0,no-store,no-cache,must-revalidate. (1482b6d7)
2024-07-28T19:31:33.2811943+07:00 0HN5F00LG5OEQ:0000000A [INF] Generating Validation headers. (20c08f55)
2024-07-28T19:31:33.2815494+07:00 0HN5F00LG5OEQ:0000000A [INF] Validation headers generated. ETag: Strong, "1F73900BFEA26340BB2AC16F563F386C". Last-Modified: Sun, 28 Jul 2024 12:31:33 GMT (938bc7dc)
2024-07-28T19:31:33.2815755+07:00 0HN5F00LG5OEQ:0000000A [INF] Generating Vary header. (c1174e38)
2024-07-28T19:31:33.2815991+07:00 0HN5F00LG5OEQ:0000000A [INF] Vary header generated: Accept, Accept-Language, Accept-Encoding. (e081213a)
2024-07-28T19:36:03.6451090+07:00  [INF] Application is shutting down... (90f52c38)
2024-07-28T19:36:03.6458533+07:00  [DBG] Hosting stopping (cbc9c32e)
2024-07-28T19:36:03.6497038+07:00  [DBG] Hosting stopped (73fd4889)
