2024-07-21T18:55:29.6118310+07:00  [DBG] Hosting starting (32b26330)
2024-07-21T18:55:29.9800647+07:00  [INF] Now listening on: "http://localhost:5000" (d826f4b8)
2024-07-21T18:55:29.9803776+07:00  [INF] Application started. Press Ctrl+C to shut down. (dcaefe54)
2024-07-21T18:55:29.9804927+07:00  [INF] Hosting environment: "Development" (c3307c92)
2024-07-21T18:55:29.9805329+07:00  [INF] Content root path: "E:\defa\" (b5d60022)
2024-07-21T18:55:29.9805487+07:00  [DBG] Hosting started (e6def423)
2024-07-21T18:55:33.7026100+07:00 0HN59FG3DN01T:00000002 [INF] Checking for conditional GET/HEAD. (7e2efcb6)
2024-07-21T18:55:33.7129741+07:00 0HN59FG3DN01T:00000002 [INF] Not valid - no If-None-Match or If-Modified-Since headers. (00e43d04)
2024-07-21T18:55:33.7130900+07:00 0HN59FG3DN01T:00000002 [INF] Don't generate 304 - Not Modified.  Continue. (b6a7d473)
2024-07-21T18:55:33.7150613+07:00 0HN59FG3DN01T:00000002 [INF] Checking for conditional PUT/PATCH. (bf3cf9be)
2024-07-21T18:55:33.7151619+07:00 0HN59FG3DN01T:00000002 [INF] Not valid - method isn't PUT or PATCH. (671cb4f2)
2024-07-21T18:55:33.7151899+07:00 0HN59FG3DN01T:00000002 [INF] Don't generate 412 - Precondition Failed.  Continue. (08bc4a18)
2024-07-21T18:55:34.4170100+07:00 0HN59FG3DN01T:00000002 [INF] Generating expiration headers. (97875003)
2024-07-21T18:55:34.4174789+07:00 0HN59FG3DN01T:00000002 [INF] Expiration headers generated. Expires: Sun, 21 Jul 2024 11:55:34 GMT. Cache-Control: private,max-age=0,no-store,no-cache,must-revalidate. (318c3927)
2024-07-21T18:55:34.4191227+07:00 0HN59FG3DN01T:00000002 [INF] Not generating Validation headers as the response status code does not indicate success. (2130aaa7)
2024-07-21T18:55:34.4194671+07:00 0HN59FG3DN01T:00000002 [INF] Generating Vary header. (c1174e38)
2024-07-21T18:55:34.4195570+07:00 0HN59FG3DN01T:00000002 [INF] Vary header generated: Accept, Accept-Language, Accept-Encoding. (e081213a)
2024-07-21T18:55:34.4424545+07:00 0HN59FG3DN01T:00000003 [INF] Checking for conditional GET/HEAD. (7e2efcb6)
2024-07-21T18:55:34.4425709+07:00 0HN59FG3DN01T:00000003 [INF] Not valid - no If-None-Match or If-Modified-Since headers. (00e43d04)
2024-07-21T18:55:34.4426136+07:00 0HN59FG3DN01T:00000003 [INF] Don't generate 304 - Not Modified.  Continue. (b6a7d473)
2024-07-21T18:55:34.4426534+07:00 0HN59FG3DN01T:00000003 [INF] Checking for conditional PUT/PATCH. (bf3cf9be)
2024-07-21T18:55:34.4426780+07:00 0HN59FG3DN01T:00000003 [INF] Not valid - method isn't PUT or PATCH. (671cb4f2)
2024-07-21T18:55:34.4426962+07:00 0HN59FG3DN01T:00000003 [INF] Don't generate 412 - Precondition Failed.  Continue. (08bc4a18)
2024-07-21T18:55:54.6440940+07:00 0HN59FG3DN01T:00000003 [INF] Generating expiration headers. (97875003)
2024-07-21T18:55:54.6443076+07:00 0HN59FG3DN01T:00000003 [INF] Expiration headers generated. Expires: Sun, 21 Jul 2024 11:55:54 GMT. Cache-Control: private,max-age=0,no-store,no-cache,must-revalidate. (5126a0d2)
2024-07-21T18:55:54.6443539+07:00 0HN59FG3DN01T:00000003 [INF] Generating Validation headers. (20c08f55)
2024-07-21T18:55:54.6515668+07:00 0HN59FG3DN01T:00000003 [INF] Validation headers generated. ETag: Strong, "264F6990874AA5076314DC7D679A9437". Last-Modified: Sun, 21 Jul 2024 11:55:54 GMT (11326c3e)
2024-07-21T18:55:54.6516218+07:00 0HN59FG3DN01T:00000003 [INF] Generating Vary header. (c1174e38)
2024-07-21T18:55:54.6516465+07:00 0HN59FG3DN01T:00000003 [INF] Vary header generated: Accept, Accept-Language, Accept-Encoding. (e081213a)
2024-07-21T18:57:10.8023584+07:00 0HN59FG3DN01U:00000012 [INF] Checking for conditional GET/HEAD. (7e2efcb6)
2024-07-21T18:57:10.8025683+07:00 0HN59FG3DN01U:00000012 [INF] Not valid - method isn't GET or HEAD. (0be1d475)
2024-07-21T18:57:10.8026174+07:00 0HN59FG3DN01U:00000012 [INF] Don't generate 304 - Not Modified.  Continue. (b6a7d473)
2024-07-21T18:57:10.8027035+07:00 0HN59FG3DN01U:00000012 [INF] Checking for conditional PUT/PATCH. (bf3cf9be)
2024-07-21T18:57:10.8027501+07:00 0HN59FG3DN01U:00000012 [INF] Not valid - method isn't PUT or PATCH. (671cb4f2)
2024-07-21T18:57:10.8027680+07:00 0HN59FG3DN01U:00000012 [INF] Don't generate 412 - Precondition Failed.  Continue. (08bc4a18)
2024-07-21T18:57:11.0616936+07:00 0HN59FG3DN01U:00000012 [INF] Generating expiration headers. (97875003)
2024-07-21T18:57:11.0618446+07:00 0HN59FG3DN01U:00000012 [INF] Expiration headers generated. Expires: Sun, 21 Jul 2024 11:57:11 GMT. Cache-Control: private,max-age=0,no-store,no-cache,must-revalidate. (660b584c)
2024-07-21T18:57:11.0618932+07:00 0HN59FG3DN01U:00000012 [INF] Not generating Validation headers as the response status code does not indicate success. (2130aaa7)
2024-07-21T18:57:11.0619253+07:00 0HN59FG3DN01U:00000012 [INF] Generating Vary header. (c1174e38)
2024-07-21T18:57:11.0619606+07:00 0HN59FG3DN01U:00000012 [INF] Vary header generated: Accept, Accept-Language, Accept-Encoding. (e081213a)
2024-07-21T18:57:11.0718644+07:00 0HN59FG3DN01U:00000013 [INF] Checking for conditional GET/HEAD. (7e2efcb6)
2024-07-21T18:57:11.0719639+07:00 0HN59FG3DN01U:00000013 [INF] Not valid - no If-None-Match or If-Modified-Since headers. (00e43d04)
2024-07-21T18:57:11.0719867+07:00 0HN59FG3DN01U:00000013 [INF] Don't generate 304 - Not Modified.  Continue. (b6a7d473)
2024-07-21T18:57:11.0720075+07:00 0HN59FG3DN01U:00000013 [INF] Checking for conditional PUT/PATCH. (bf3cf9be)
2024-07-21T18:57:11.0720234+07:00 0HN59FG3DN01U:00000013 [INF] Not valid - method isn't PUT or PATCH. (671cb4f2)
2024-07-21T18:57:11.0720396+07:00 0HN59FG3DN01U:00000013 [INF] Don't generate 412 - Precondition Failed.  Continue. (08bc4a18)
2024-07-21T18:57:11.1385562+07:00 0HN59FG3DN01U:00000013 [INF] Generating expiration headers. (97875003)
2024-07-21T18:57:11.1386217+07:00 0HN59FG3DN01U:00000013 [INF] Expiration headers generated. Expires: Sun, 21 Jul 2024 11:57:11 GMT. Cache-Control: private,max-age=0,no-store,no-cache,must-revalidate. (660b584c)
2024-07-21T18:57:11.1386367+07:00 0HN59FG3DN01U:00000013 [INF] Not generating Validation headers as the response status code does not indicate success. (2130aaa7)
2024-07-21T18:57:11.1386502+07:00 0HN59FG3DN01U:00000013 [INF] Generating Vary header. (c1174e38)
2024-07-21T18:57:11.1386629+07:00 0HN59FG3DN01U:00000013 [INF] Vary header generated: Accept, Accept-Language, Accept-Encoding. (e081213a)
2024-07-21T18:57:11.1482954+07:00 0HN59FG3DN01U:00000014 [INF] Checking for conditional GET/HEAD. (7e2efcb6)
2024-07-21T18:57:11.1484287+07:00 0HN59FG3DN01U:00000014 [INF] Not valid - no If-None-Match or If-Modified-Since headers. (00e43d04)
2024-07-21T18:57:11.1484714+07:00 0HN59FG3DN01U:00000014 [INF] Don't generate 304 - Not Modified.  Continue. (b6a7d473)
2024-07-21T18:57:11.1484964+07:00 0HN59FG3DN01U:00000014 [INF] Checking for conditional PUT/PATCH. (bf3cf9be)
2024-07-21T18:57:11.1485167+07:00 0HN59FG3DN01U:00000014 [INF] Not valid - method isn't PUT or PATCH. (671cb4f2)
2024-07-21T18:57:11.1485453+07:00 0HN59FG3DN01U:00000014 [INF] Don't generate 412 - Precondition Failed.  Continue. (08bc4a18)
2024-07-21T18:57:14.9743143+07:00 0HN59FG3DN01U:00000014 [INF] Generating expiration headers. (97875003)
2024-07-21T18:57:14.9745221+07:00 0HN59FG3DN01U:00000014 [INF] Expiration headers generated. Expires: Sun, 21 Jul 2024 11:57:14 GMT. Cache-Control: private,max-age=0,no-store,no-cache,must-revalidate. (7f614a04)
2024-07-21T18:57:14.9745466+07:00 0HN59FG3DN01U:00000014 [INF] Generating Validation headers. (20c08f55)
2024-07-21T18:57:14.9749718+07:00 0HN59FG3DN01U:00000014 [INF] Validation headers generated. ETag: Strong, "7D813674AA62C8B6AA203668E7B85733". Last-Modified: Sun, 21 Jul 2024 11:57:14 GMT (b5683dd5)
2024-07-21T18:57:14.9750208+07:00 0HN59FG3DN01U:00000014 [INF] Generating Vary header. (c1174e38)
2024-07-21T18:57:14.9750419+07:00 0HN59FG3DN01U:00000014 [INF] Vary header generated: Accept, Accept-Language, Accept-Encoding. (e081213a)
2024-07-21T18:57:43.4782406+07:00 0HN59FG3DN01U:00000015 [INF] Checking for conditional GET/HEAD. (7e2efcb6)
2024-07-21T18:57:43.4786110+07:00 0HN59FG3DN01U:00000015 [INF] Not valid - no If-None-Match or If-Modified-Since headers. (00e43d04)
2024-07-21T18:57:43.4786534+07:00 0HN59FG3DN01U:00000015 [INF] Don't generate 304 - Not Modified.  Continue. (b6a7d473)
2024-07-21T18:57:43.4788724+07:00 0HN59FG3DN01U:00000015 [INF] Checking for conditional PUT/PATCH. (bf3cf9be)
2024-07-21T18:57:43.4788996+07:00 0HN59FG3DN01U:00000015 [INF] Not valid - method isn't PUT or PATCH. (671cb4f2)
2024-07-21T18:57:43.4789200+07:00 0HN59FG3DN01U:00000015 [INF] Don't generate 412 - Precondition Failed.  Continue. (08bc4a18)
2024-07-21T18:57:44.5539915+07:00 0HN59FG3DN01U:00000015 [INF] Generating expiration headers. (97875003)
2024-07-21T18:57:44.5540718+07:00 0HN59FG3DN01U:00000015 [INF] Expiration headers generated. Expires: Sun, 21 Jul 2024 11:57:44 GMT. Cache-Control: private,max-age=0,no-store,no-cache,must-revalidate. (743389da)
2024-07-21T18:57:44.5540921+07:00 0HN59FG3DN01U:00000015 [INF] Generating Validation headers. (20c08f55)
2024-07-21T18:57:44.5604111+07:00 0HN59FG3DN01U:00000015 [INF] Validation headers generated. ETag: Strong, "8F1C6E7941D3BA67B3644BC1535043E7". Last-Modified: Sun, 21 Jul 2024 11:57:44 GMT (b77b0fc6)
2024-07-21T18:57:44.5604654+07:00 0HN59FG3DN01U:00000015 [INF] Generating Vary header. (c1174e38)
2024-07-21T18:57:44.5604870+07:00 0HN59FG3DN01U:00000015 [INF] Vary header generated: Accept, Accept-Language, Accept-Encoding. (e081213a)
2024-07-21T18:57:45.5190119+07:00 0HN59FG3DN01T:00000010 [INF] Checking for conditional GET/HEAD. (7e2efcb6)
2024-07-21T18:57:45.5191061+07:00 0HN59FG3DN01T:00000010 [INF] Not valid - no If-None-Match or If-Modified-Since headers. (00e43d04)
2024-07-21T18:57:45.5191316+07:00 0HN59FG3DN01T:00000010 [INF] Don't generate 304 - Not Modified.  Continue. (b6a7d473)
2024-07-21T18:57:45.5191478+07:00 0HN59FG3DN01T:00000010 [INF] Checking for conditional PUT/PATCH. (bf3cf9be)
2024-07-21T18:57:45.5191662+07:00 0HN59FG3DN01T:00000010 [INF] Not valid - method isn't PUT or PATCH. (671cb4f2)
2024-07-21T18:57:45.5191845+07:00 0HN59FG3DN01T:00000010 [INF] Don't generate 412 - Precondition Failed.  Continue. (08bc4a18)
2024-07-21T18:57:47.8061123+07:00 0HN59FG3DN01T:00000010 [INF] Generating expiration headers. (97875003)
2024-07-21T18:57:47.8062509+07:00 0HN59FG3DN01T:00000010 [INF] Expiration headers generated. Expires: Sun, 21 Jul 2024 11:57:47 GMT. Cache-Control: private,max-age=0,no-store,no-cache,must-revalidate. (c7f7baa8)
2024-07-21T18:57:47.8063011+07:00 0HN59FG3DN01T:00000010 [INF] Generating Validation headers. (20c08f55)
2024-07-21T18:57:47.8067395+07:00 0HN59FG3DN01T:00000010 [INF] Validation headers generated. ETag: Strong, "76491EBB3482FD3B3A104287EEC114D5". Last-Modified: Sun, 21 Jul 2024 11:57:47 GMT (bbd57483)
2024-07-21T18:57:47.8067618+07:00 0HN59FG3DN01T:00000010 [INF] Generating Vary header. (c1174e38)
2024-07-21T18:57:47.8067775+07:00 0HN59FG3DN01T:00000010 [INF] Vary header generated: Accept, Accept-Language, Accept-Encoding. (e081213a)
2024-07-21T18:58:48.6780391+07:00 0HN59FG3DN01T:00000011 [INF] Checking for conditional GET/HEAD. (7e2efcb6)
2024-07-21T18:58:48.6781266+07:00 0HN59FG3DN01T:00000011 [INF] Not valid - no If-None-Match or If-Modified-Since headers. (00e43d04)
2024-07-21T18:58:48.6781506+07:00 0HN59FG3DN01T:00000011 [INF] Don't generate 304 - Not Modified.  Continue. (b6a7d473)
2024-07-21T18:58:48.6781855+07:00 0HN59FG3DN01T:00000011 [INF] Checking for conditional PUT/PATCH. (bf3cf9be)
2024-07-21T18:58:48.6782028+07:00 0HN59FG3DN01T:00000011 [INF] Not valid - method isn't PUT or PATCH. (671cb4f2)
2024-07-21T18:58:48.6782186+07:00 0HN59FG3DN01T:00000011 [INF] Don't generate 412 - Precondition Failed.  Continue. (08bc4a18)
2024-07-21T18:58:50.9697460+07:00 0HN59FG3DN01T:00000011 [INF] Generating expiration headers. (97875003)
2024-07-21T18:58:50.9698346+07:00 0HN59FG3DN01T:00000011 [INF] Expiration headers generated. Expires: Sun, 21 Jul 2024 11:58:50 GMT. Cache-Control: private,max-age=0,no-store,no-cache,must-revalidate. (6d5893ab)
2024-07-21T18:58:50.9698558+07:00 0HN59FG3DN01T:00000011 [INF] Generating Validation headers. (20c08f55)
2024-07-21T18:58:50.9702329+07:00 0HN59FG3DN01T:00000011 [INF] Validation headers generated. ETag: Strong, "FBB8769DAC65D781562490085C2B79F4". Last-Modified: Sun, 21 Jul 2024 11:58:50 GMT (b5d72f75)
2024-07-21T18:58:50.9702614+07:00 0HN59FG3DN01T:00000011 [INF] Generating Vary header. (c1174e38)
2024-07-21T18:58:50.9702836+07:00 0HN59FG3DN01T:00000011 [INF] Vary header generated: Accept, Accept-Language, Accept-Encoding. (e081213a)
2024-07-21T18:59:42.8841670+07:00 0HN59FG3DN01T:00000012 [INF] Checking for conditional GET/HEAD. (7e2efcb6)
2024-07-21T18:59:42.8842312+07:00 0HN59FG3DN01T:00000012 [INF] Not valid - no If-None-Match or If-Modified-Since headers. (00e43d04)
2024-07-21T18:59:42.8842781+07:00 0HN59FG3DN01T:00000012 [INF] Don't generate 304 - Not Modified.  Continue. (b6a7d473)
2024-07-21T18:59:42.8843319+07:00 0HN59FG3DN01T:00000012 [INF] Checking for conditional PUT/PATCH. (bf3cf9be)
2024-07-21T18:59:42.8843537+07:00 0HN59FG3DN01T:00000012 [INF] Not valid - method isn't PUT or PATCH. (671cb4f2)
2024-07-21T18:59:42.8843734+07:00 0HN59FG3DN01T:00000012 [INF] Don't generate 412 - Precondition Failed.  Continue. (08bc4a18)
2024-07-21T18:59:42.9368447+07:00 0HN59FG3DN01T:00000012 [INF] Generating expiration headers. (97875003)
2024-07-21T18:59:42.9369371+07:00 0HN59FG3DN01T:00000012 [INF] Expiration headers generated. Expires: Sun, 21 Jul 2024 11:59:42 GMT. Cache-Control: private,max-age=0,no-store,no-cache,must-revalidate. (5c5e9295)
2024-07-21T18:59:42.9369612+07:00 0HN59FG3DN01T:00000012 [INF] Generating Validation headers. (20c08f55)
2024-07-21T18:59:42.9373629+07:00 0HN59FG3DN01T:00000012 [INF] Validation headers generated. ETag: Strong, "062C9C290071DABC4A70C668A5C9AF65". Last-Modified: Sun, 21 Jul 2024 11:59:42 GMT (9302d8c4)
2024-07-21T18:59:42.9373888+07:00 0HN59FG3DN01T:00000012 [INF] Generating Vary header. (c1174e38)
2024-07-21T18:59:42.9374174+07:00 0HN59FG3DN01T:00000012 [INF] Vary header generated: Accept, Accept-Language, Accept-Encoding. (e081213a)
2024-07-21T18:59:48.3676906+07:00 0HN59FG3DN01T:00000013 [INF] Checking for conditional GET/HEAD. (7e2efcb6)
2024-07-21T18:59:48.3677689+07:00 0HN59FG3DN01T:00000013 [INF] Not valid - no If-None-Match or If-Modified-Since headers. (00e43d04)
2024-07-21T18:59:48.3677982+07:00 0HN59FG3DN01T:00000013 [INF] Don't generate 304 - Not Modified.  Continue. (b6a7d473)
2024-07-21T18:59:48.3678186+07:00 0HN59FG3DN01T:00000013 [INF] Checking for conditional PUT/PATCH. (bf3cf9be)
2024-07-21T18:59:48.3678373+07:00 0HN59FG3DN01T:00000013 [INF] Not valid - method isn't PUT or PATCH. (671cb4f2)
2024-07-21T18:59:48.3678526+07:00 0HN59FG3DN01T:00000013 [INF] Don't generate 412 - Precondition Failed.  Continue. (08bc4a18)
2024-07-21T18:59:50.6606196+07:00 0HN59FG3DN01T:00000013 [INF] Generating expiration headers. (97875003)
2024-07-21T18:59:50.6607056+07:00 0HN59FG3DN01T:00000013 [INF] Expiration headers generated. Expires: Sun, 21 Jul 2024 11:59:50 GMT. Cache-Control: private,max-age=0,no-store,no-cache,must-revalidate. (6ab0f059)
2024-07-21T18:59:50.6607310+07:00 0HN59FG3DN01T:00000013 [INF] Generating Validation headers. (20c08f55)
2024-07-21T18:59:50.6610735+07:00 0HN59FG3DN01T:00000013 [INF] Validation headers generated. ETag: Strong, "0D62853AF8FEAB0BAF912DC86A8FCA11". Last-Modified: Sun, 21 Jul 2024 11:59:50 GMT (68023349)
2024-07-21T18:59:50.6611027+07:00 0HN59FG3DN01T:00000013 [INF] Generating Vary header. (c1174e38)
2024-07-21T18:59:50.6611258+07:00 0HN59FG3DN01T:00000013 [INF] Vary header generated: Accept, Accept-Language, Accept-Encoding. (e081213a)
2024-07-21T19:00:01.3148513+07:00 0HN59FG3DN01T:00000014 [INF] Checking for conditional GET/HEAD. (7e2efcb6)
2024-07-21T19:00:01.3149307+07:00 0HN59FG3DN01T:00000014 [INF] Not valid - no If-None-Match or If-Modified-Since headers. (00e43d04)
2024-07-21T19:00:01.3149479+07:00 0HN59FG3DN01T:00000014 [INF] Don't generate 304 - Not Modified.  Continue. (b6a7d473)
2024-07-21T19:00:01.3149668+07:00 0HN59FG3DN01T:00000014 [INF] Checking for conditional PUT/PATCH. (bf3cf9be)
2024-07-21T19:00:01.3149823+07:00 0HN59FG3DN01T:00000014 [INF] Not valid - method isn't PUT or PATCH. (671cb4f2)
2024-07-21T19:00:01.3149931+07:00 0HN59FG3DN01T:00000014 [INF] Don't generate 412 - Precondition Failed.  Continue. (08bc4a18)
2024-07-21T19:00:01.4111249+07:00 0HN59FG3DN01T:00000014 [INF] Generating expiration headers. (97875003)
2024-07-21T19:00:01.4112481+07:00 0HN59FG3DN01T:00000014 [INF] Expiration headers generated. Expires: Sun, 21 Jul 2024 12:00:01 GMT. Cache-Control: private,max-age=0,no-store,no-cache,must-revalidate. (21680642)
2024-07-21T19:00:01.4112739+07:00 0HN59FG3DN01T:00000014 [INF] Not generating Validation headers as the response status code does not indicate success. (2130aaa7)
2024-07-21T19:00:01.4112940+07:00 0HN59FG3DN01T:00000014 [INF] Generating Vary header. (c1174e38)
2024-07-21T19:00:01.4113134+07:00 0HN59FG3DN01T:00000014 [INF] Vary header generated: Accept, Accept-Language, Accept-Encoding. (e081213a)
2024-07-21T19:00:01.4224436+07:00 0HN59FG3DN01T:00000015 [INF] Checking for conditional GET/HEAD. (7e2efcb6)
2024-07-21T19:00:01.4225118+07:00 0HN59FG3DN01T:00000015 [INF] Not valid - no If-None-Match or If-Modified-Since headers. (00e43d04)
2024-07-21T19:00:01.4225330+07:00 0HN59FG3DN01T:00000015 [INF] Don't generate 304 - Not Modified.  Continue. (b6a7d473)
2024-07-21T19:00:01.4225517+07:00 0HN59FG3DN01T:00000015 [INF] Checking for conditional PUT/PATCH. (bf3cf9be)
2024-07-21T19:00:01.4225698+07:00 0HN59FG3DN01T:00000015 [INF] Not valid - method isn't PUT or PATCH. (671cb4f2)
2024-07-21T19:00:01.4225873+07:00 0HN59FG3DN01T:00000015 [INF] Don't generate 412 - Precondition Failed.  Continue. (08bc4a18)
2024-07-21T19:00:01.4509486+07:00 0HN59FG3DN01T:00000015 [INF] Generating expiration headers. (97875003)
2024-07-21T19:00:01.4510110+07:00 0HN59FG3DN01T:00000015 [INF] Expiration headers generated. Expires: Sun, 21 Jul 2024 12:00:01 GMT. Cache-Control: private,max-age=0,no-store,no-cache,must-revalidate. (21680642)
2024-07-21T19:00:01.4510312+07:00 0HN59FG3DN01T:00000015 [INF] Generating Validation headers. (20c08f55)
2024-07-21T19:00:01.4513087+07:00 0HN59FG3DN01T:00000015 [INF] Validation headers generated. ETag: Strong, "370E40753D6743D5241EF63E07BFE2F4". Last-Modified: Sun, 21 Jul 2024 12:00:01 GMT (850fce90)
2024-07-21T19:00:01.4513379+07:00 0HN59FG3DN01T:00000015 [INF] Generating Vary header. (c1174e38)
2024-07-21T19:00:01.4513516+07:00 0HN59FG3DN01T:00000015 [INF] Vary header generated: Accept, Accept-Language, Accept-Encoding. (e081213a)
2024-07-21T19:01:01.1480751+07:00 0HN59FG3DN01T:00000016 [INF] Checking for conditional GET/HEAD. (7e2efcb6)
2024-07-21T19:01:01.1481459+07:00 0HN59FG3DN01T:00000016 [INF] Not valid - method isn't GET or HEAD. (0be1d475)
2024-07-21T19:01:01.1481612+07:00 0HN59FG3DN01T:00000016 [INF] Don't generate 304 - Not Modified.  Continue. (b6a7d473)
2024-07-21T19:01:01.1481735+07:00 0HN59FG3DN01T:00000016 [INF] Checking for conditional PUT/PATCH. (bf3cf9be)
2024-07-21T19:01:01.1481835+07:00 0HN59FG3DN01T:00000016 [INF] Not valid - method isn't PUT or PATCH. (671cb4f2)
2024-07-21T19:01:01.1481935+07:00 0HN59FG3DN01T:00000016 [INF] Don't generate 412 - Precondition Failed.  Continue. (08bc4a18)
2024-07-21T19:01:01.2077708+07:00 0HN59FG3DN01T:00000016 [INF] Generating expiration headers. (97875003)
2024-07-21T19:01:01.2078816+07:00 0HN59FG3DN01T:00000016 [INF] Expiration headers generated. Expires: Sun, 21 Jul 2024 12:01:01 GMT. Cache-Control: private,max-age=0,no-store,no-cache,must-revalidate. (2814588f)
2024-07-21T19:01:01.2079056+07:00 0HN59FG3DN01T:00000016 [INF] Not generating Validation headers as the response status code does not indicate success. (2130aaa7)
2024-07-21T19:01:01.2079257+07:00 0HN59FG3DN01T:00000016 [INF] Generating Vary header. (c1174e38)
2024-07-21T19:01:01.2079462+07:00 0HN59FG3DN01T:00000016 [INF] Vary header generated: Accept, Accept-Language, Accept-Encoding. (e081213a)
2024-07-21T19:01:01.2187883+07:00 0HN59FG3DN01T:00000017 [INF] Checking for conditional GET/HEAD. (7e2efcb6)
2024-07-21T19:01:01.2188662+07:00 0HN59FG3DN01T:00000017 [INF] Not valid - no If-None-Match or If-Modified-Since headers. (00e43d04)
2024-07-21T19:01:01.2188929+07:00 0HN59FG3DN01T:00000017 [INF] Don't generate 304 - Not Modified.  Continue. (b6a7d473)
2024-07-21T19:01:01.2189174+07:00 0HN59FG3DN01T:00000017 [INF] Checking for conditional PUT/PATCH. (bf3cf9be)
2024-07-21T19:01:01.2189382+07:00 0HN59FG3DN01T:00000017 [INF] Not valid - method isn't PUT or PATCH. (671cb4f2)
2024-07-21T19:01:01.2189710+07:00 0HN59FG3DN01T:00000017 [INF] Don't generate 412 - Precondition Failed.  Continue. (08bc4a18)
2024-07-21T19:01:01.2729956+07:00 0HN59FG3DN01T:00000017 [INF] Generating expiration headers. (97875003)
2024-07-21T19:01:01.2730843+07:00 0HN59FG3DN01T:00000017 [INF] Expiration headers generated. Expires: Sun, 21 Jul 2024 12:01:01 GMT. Cache-Control: private,max-age=0,no-store,no-cache,must-revalidate. (2814588f)
2024-07-21T19:01:01.2731070+07:00 0HN59FG3DN01T:00000017 [INF] Not generating Validation headers as the response status code does not indicate success. (2130aaa7)
2024-07-21T19:01:01.2731223+07:00 0HN59FG3DN01T:00000017 [INF] Generating Vary header. (c1174e38)
2024-07-21T19:01:01.2731379+07:00 0HN59FG3DN01T:00000017 [INF] Vary header generated: Accept, Accept-Language, Accept-Encoding. (e081213a)
2024-07-21T19:01:01.2828074+07:00 0HN59FG3DN01T:00000018 [INF] Checking for conditional GET/HEAD. (7e2efcb6)
2024-07-21T19:01:01.2828757+07:00 0HN59FG3DN01T:00000018 [INF] Not valid - no If-None-Match or If-Modified-Since headers. (00e43d04)
2024-07-21T19:01:01.2828966+07:00 0HN59FG3DN01T:00000018 [INF] Don't generate 304 - Not Modified.  Continue. (b6a7d473)
2024-07-21T19:01:01.2829149+07:00 0HN59FG3DN01T:00000018 [INF] Checking for conditional PUT/PATCH. (bf3cf9be)
2024-07-21T19:01:01.2829328+07:00 0HN59FG3DN01T:00000018 [INF] Not valid - method isn't PUT or PATCH. (671cb4f2)
2024-07-21T19:01:01.2829503+07:00 0HN59FG3DN01T:00000018 [INF] Don't generate 412 - Precondition Failed.  Continue. (08bc4a18)
2024-07-21T19:01:03.5595945+07:00 0HN59FG3DN01T:00000018 [INF] Generating expiration headers. (97875003)
2024-07-21T19:01:03.5596880+07:00 0HN59FG3DN01T:00000018 [INF] Expiration headers generated. Expires: Sun, 21 Jul 2024 12:01:03 GMT. Cache-Control: private,max-age=0,no-store,no-cache,must-revalidate. (43ac7d52)
2024-07-21T19:01:03.5597172+07:00 0HN59FG3DN01T:00000018 [INF] Generating Validation headers. (20c08f55)
2024-07-21T19:01:03.5601278+07:00 0HN59FG3DN01T:00000018 [INF] Validation headers generated. ETag: Strong, "1DBE814ED75A178DA1807C4A3AB8B645". Last-Modified: Sun, 21 Jul 2024 12:01:03 GMT (8954e6c4)
2024-07-21T19:01:03.5601599+07:00 0HN59FG3DN01T:00000018 [INF] Generating Vary header. (c1174e38)
2024-07-21T19:01:03.5601814+07:00 0HN59FG3DN01T:00000018 [INF] Vary header generated: Accept, Accept-Language, Accept-Encoding. (e081213a)
2024-07-21T19:05:07.9560513+07:00 0HN59FG3DN022:00000002 [INF] Checking for conditional GET/HEAD. (7e2efcb6)
2024-07-21T19:05:07.9561368+07:00 0HN59FG3DN022:00000002 [INF] Not valid - no If-None-Match or If-Modified-Since headers. (00e43d04)
2024-07-21T19:05:07.9561622+07:00 0HN59FG3DN022:00000002 [INF] Don't generate 304 - Not Modified.  Continue. (b6a7d473)
2024-07-21T19:05:07.9561843+07:00 0HN59FG3DN022:00000002 [INF] Checking for conditional PUT/PATCH. (bf3cf9be)
2024-07-21T19:05:07.9562049+07:00 0HN59FG3DN022:00000002 [INF] Not valid - method isn't PUT or PATCH. (671cb4f2)
2024-07-21T19:05:07.9562520+07:00 0HN59FG3DN022:00000002 [INF] Don't generate 412 - Precondition Failed.  Continue. (08bc4a18)
2024-07-21T19:05:08.0158977+07:00 0HN59FG3DN022:00000002 [INF] Generating expiration headers. (97875003)
2024-07-21T19:05:08.0160520+07:00 0HN59FG3DN022:00000002 [INF] Expiration headers generated. Expires: Sun, 21 Jul 2024 12:05:08 GMT. Cache-Control: private,max-age=0,no-store,no-cache,must-revalidate. (fff3eecf)
2024-07-21T19:05:08.0160915+07:00 0HN59FG3DN022:00000002 [INF] Generating Validation headers. (20c08f55)
2024-07-21T19:05:08.0233652+07:00 0HN59FG3DN022:00000002 [INF] Validation headers generated. ETag: Strong, "C36A3C606DE6ED74063994131C62DB96". Last-Modified: Sun, 21 Jul 2024 12:05:08 GMT (ef51d439)
2024-07-21T19:05:08.0234448+07:00 0HN59FG3DN022:00000002 [INF] Generating Vary header. (c1174e38)
2024-07-21T19:05:08.0235493+07:00 0HN59FG3DN022:00000002 [INF] Vary header generated: Accept, Accept-Language, Accept-Encoding. (e081213a)
2024-07-21T19:05:49.1618963+07:00 0HN59FG3DN022:00000003 [INF] Checking for conditional GET/HEAD. (7e2efcb6)
2024-07-21T19:05:49.1619577+07:00 0HN59FG3DN022:00000003 [INF] Not valid - no If-None-Match or If-Modified-Since headers. (00e43d04)
2024-07-21T19:05:49.1619775+07:00 0HN59FG3DN022:00000003 [INF] Don't generate 304 - Not Modified.  Continue. (b6a7d473)
2024-07-21T19:05:49.1619904+07:00 0HN59FG3DN022:00000003 [INF] Checking for conditional PUT/PATCH. (bf3cf9be)
2024-07-21T19:05:49.1620024+07:00 0HN59FG3DN022:00000003 [INF] Not valid - method isn't PUT or PATCH. (671cb4f2)
2024-07-21T19:05:49.1620133+07:00 0HN59FG3DN022:00000003 [INF] Don't generate 412 - Precondition Failed.  Continue. (08bc4a18)
2024-07-21T19:05:51.4346612+07:00 0HN59FG3DN022:00000003 [INF] Generating expiration headers. (97875003)
2024-07-21T19:05:51.4347473+07:00 0HN59FG3DN022:00000003 [INF] Expiration headers generated. Expires: Sun, 21 Jul 2024 12:05:51 GMT. Cache-Control: private,max-age=0,no-store,no-cache,must-revalidate. (dea63462)
2024-07-21T19:05:51.4347753+07:00 0HN59FG3DN022:00000003 [INF] Generating Validation headers. (20c08f55)
2024-07-21T19:05:51.4352765+07:00 0HN59FG3DN022:00000003 [INF] Validation headers generated. ETag: Strong, "F724512367376C2A3159A5964E1F244F". Last-Modified: Sun, 21 Jul 2024 12:05:51 GMT (8ebdd0d6)
2024-07-21T19:05:51.4353208+07:00 0HN59FG3DN022:00000003 [INF] Generating Vary header. (c1174e38)
2024-07-21T19:05:51.4353414+07:00 0HN59FG3DN022:00000003 [INF] Vary header generated: Accept, Accept-Language, Accept-Encoding. (e081213a)
2024-07-21T19:06:02.9340176+07:00 0HN59FG3DN022:00000004 [INF] Checking for conditional GET/HEAD. (7e2efcb6)
2024-07-21T19:06:02.9340820+07:00 0HN59FG3DN022:00000004 [INF] Not valid - no If-None-Match or If-Modified-Since headers. (00e43d04)
2024-07-21T19:06:02.9341017+07:00 0HN59FG3DN022:00000004 [INF] Don't generate 304 - Not Modified.  Continue. (b6a7d473)
2024-07-21T19:06:02.9341179+07:00 0HN59FG3DN022:00000004 [INF] Checking for conditional PUT/PATCH. (bf3cf9be)
2024-07-21T19:06:02.9341358+07:00 0HN59FG3DN022:00000004 [INF] Not valid - method isn't PUT or PATCH. (671cb4f2)
2024-07-21T19:06:02.9341664+07:00 0HN59FG3DN022:00000004 [INF] Don't generate 412 - Precondition Failed.  Continue. (08bc4a18)
2024-07-21T19:06:02.9821065+07:00 0HN59FG3DN022:00000004 [INF] Generating expiration headers. (97875003)
2024-07-21T19:06:02.9821877+07:00 0HN59FG3DN022:00000004 [INF] Expiration headers generated. Expires: Sun, 21 Jul 2024 12:06:02 GMT. Cache-Control: private,max-age=0,no-store,no-cache,must-revalidate. (2be439bd)
2024-07-21T19:06:02.9822051+07:00 0HN59FG3DN022:00000004 [INF] Generating Validation headers. (20c08f55)
2024-07-21T19:06:02.9826422+07:00 0HN59FG3DN022:00000004 [INF] Validation headers generated. ETag: Strong, "07E04EA1159C269CC057272EFB808E33". Last-Modified: Sun, 21 Jul 2024 12:06:02 GMT (78a17850)
2024-07-21T19:06:02.9826758+07:00 0HN59FG3DN022:00000004 [INF] Generating Vary header. (c1174e38)
2024-07-21T19:06:02.9826973+07:00 0HN59FG3DN022:00000004 [INF] Vary header generated: Accept, Accept-Language, Accept-Encoding. (e081213a)
2024-07-21T19:12:34.5032639+07:00 0HN59FG3DN024:00000002 [INF] Checking for conditional GET/HEAD. (7e2efcb6)
2024-07-21T19:12:34.5033272+07:00 0HN59FG3DN024:00000002 [INF] Not valid - no If-None-Match or If-Modified-Since headers. (00e43d04)
2024-07-21T19:12:34.5033407+07:00 0HN59FG3DN024:00000002 [INF] Don't generate 304 - Not Modified.  Continue. (b6a7d473)
2024-07-21T19:12:34.5033544+07:00 0HN59FG3DN024:00000002 [INF] Checking for conditional PUT/PATCH. (bf3cf9be)
2024-07-21T19:12:34.5033707+07:00 0HN59FG3DN024:00000002 [INF] Not valid - method isn't PUT or PATCH. (671cb4f2)
2024-07-21T19:12:34.5033826+07:00 0HN59FG3DN024:00000002 [INF] Don't generate 412 - Precondition Failed.  Continue. (08bc4a18)
2024-07-21T19:12:35.1406555+07:00 0HN59FG3DN024:00000002 [INF] Generating expiration headers. (97875003)
2024-07-21T19:12:35.1407333+07:00 0HN59FG3DN024:00000002 [INF] Expiration headers generated. Expires: Sun, 21 Jul 2024 12:12:35 GMT. Cache-Control: private,max-age=0,no-store,no-cache,must-revalidate. (e5d9520d)
2024-07-21T19:12:35.1407523+07:00 0HN59FG3DN024:00000002 [INF] Generating Validation headers. (20c08f55)
2024-07-21T19:12:35.1411956+07:00 0HN59FG3DN024:00000002 [INF] Validation headers generated. ETag: Strong, "C375984E86D82D86C0CB37C971080CCA". Last-Modified: Sun, 21 Jul 2024 12:12:35 GMT (0f36f934)
2024-07-21T19:12:35.1412243+07:00 0HN59FG3DN024:00000002 [INF] Generating Vary header. (c1174e38)
2024-07-21T19:12:35.1412399+07:00 0HN59FG3DN024:00000002 [INF] Vary header generated: Accept, Accept-Language, Accept-Encoding. (e081213a)
2024-07-21T19:12:54.1295511+07:00 0HN59FG3DN024:00000003 [INF] Checking for conditional GET/HEAD. (7e2efcb6)
2024-07-21T19:12:54.1296253+07:00 0HN59FG3DN024:00000003 [INF] Not valid - no If-None-Match or If-Modified-Since headers. (00e43d04)
2024-07-21T19:12:54.1296527+07:00 0HN59FG3DN024:00000003 [INF] Don't generate 304 - Not Modified.  Continue. (b6a7d473)
2024-07-21T19:12:54.1296703+07:00 0HN59FG3DN024:00000003 [INF] Checking for conditional PUT/PATCH. (bf3cf9be)
2024-07-21T19:12:54.1296868+07:00 0HN59FG3DN024:00000003 [INF] Not valid - method isn't PUT or PATCH. (671cb4f2)
2024-07-21T19:12:54.1297039+07:00 0HN59FG3DN024:00000003 [INF] Don't generate 412 - Precondition Failed.  Continue. (08bc4a18)
2024-07-21T19:12:54.2084038+07:00 0HN59FG3DN024:00000003 [INF] Generating expiration headers. (97875003)
2024-07-21T19:12:54.2085011+07:00 0HN59FG3DN024:00000003 [INF] Expiration headers generated. Expires: Sun, 21 Jul 2024 12:12:54 GMT. Cache-Control: private,max-age=0,no-store,no-cache,must-revalidate. (ee3f67b9)
2024-07-21T19:12:54.2085268+07:00 0HN59FG3DN024:00000003 [INF] Generating Validation headers. (20c08f55)
2024-07-21T19:12:54.2089624+07:00 0HN59FG3DN024:00000003 [INF] Validation headers generated. ETag: Strong, "49A89A02B04C584E3885A9FDB15EF6A1". Last-Modified: Sun, 21 Jul 2024 12:12:54 GMT (a827ac40)
2024-07-21T19:12:54.2089942+07:00 0HN59FG3DN024:00000003 [INF] Generating Vary header. (c1174e38)
2024-07-21T19:12:54.2090158+07:00 0HN59FG3DN024:00000003 [INF] Vary header generated: Accept, Accept-Language, Accept-Encoding. (e081213a)
2024-07-21T19:13:03.8251570+07:00 0HN59FG3DN024:00000004 [INF] Checking for conditional GET/HEAD. (7e2efcb6)
2024-07-21T19:13:03.8252500+07:00 0HN59FG3DN024:00000004 [INF] Not valid - no If-None-Match or If-Modified-Since headers. (00e43d04)
2024-07-21T19:13:03.8252822+07:00 0HN59FG3DN024:00000004 [INF] Don't generate 304 - Not Modified.  Continue. (b6a7d473)
2024-07-21T19:13:03.8253143+07:00 0HN59FG3DN024:00000004 [INF] Checking for conditional PUT/PATCH. (bf3cf9be)
2024-07-21T19:13:03.8253448+07:00 0HN59FG3DN024:00000004 [INF] Not valid - method isn't PUT or PATCH. (671cb4f2)
2024-07-21T19:13:03.8253758+07:00 0HN59FG3DN024:00000004 [INF] Don't generate 412 - Precondition Failed.  Continue. (08bc4a18)
2024-07-21T19:13:04.4007479+07:00 0HN59FG3DN024:00000004 [INF] Generating expiration headers. (97875003)
2024-07-21T19:13:04.4008144+07:00 0HN59FG3DN024:00000004 [INF] Expiration headers generated. Expires: Sun, 21 Jul 2024 12:13:04 GMT. Cache-Control: private,max-age=0,no-store,no-cache,must-revalidate. (e340e342)
2024-07-21T19:13:04.4008323+07:00 0HN59FG3DN024:00000004 [INF] Generating Validation headers. (20c08f55)
2024-07-21T19:13:04.4011622+07:00 0HN59FG3DN024:00000004 [INF] Validation headers generated. ETag: Strong, "151B4ABC86728D733B3631D0F23C335B". Last-Modified: Sun, 21 Jul 2024 12:13:04 GMT (46766cd7)
2024-07-21T19:13:04.4011909+07:00 0HN59FG3DN024:00000004 [INF] Generating Vary header. (c1174e38)
2024-07-21T19:13:04.4012088+07:00 0HN59FG3DN024:00000004 [INF] Vary header generated: Accept, Accept-Language, Accept-Encoding. (e081213a)
2024-07-21T19:14:58.3133743+07:00 0HN59FG3DN024:00000005 [INF] Checking for conditional GET/HEAD. (7e2efcb6)
2024-07-21T19:14:58.3134505+07:00 0HN59FG3DN024:00000005 [INF] Not valid - no If-None-Match or If-Modified-Since headers. (00e43d04)
2024-07-21T19:14:58.3134723+07:00 0HN59FG3DN024:00000005 [INF] Don't generate 304 - Not Modified.  Continue. (b6a7d473)
2024-07-21T19:14:58.3134973+07:00 0HN59FG3DN024:00000005 [INF] Checking for conditional PUT/PATCH. (bf3cf9be)
2024-07-21T19:14:58.3135125+07:00 0HN59FG3DN024:00000005 [INF] Not valid - method isn't PUT or PATCH. (671cb4f2)
2024-07-21T19:14:58.3135308+07:00 0HN59FG3DN024:00000005 [INF] Don't generate 412 - Precondition Failed.  Continue. (08bc4a18)
2024-07-21T19:14:58.6837326+07:00 0HN59FG3DN024:00000005 [INF] Generating expiration headers. (97875003)
2024-07-21T19:14:58.6838263+07:00 0HN59FG3DN024:00000005 [INF] Expiration headers generated. Expires: Sun, 21 Jul 2024 12:14:58 GMT. Cache-Control: private,max-age=0,no-store,no-cache,must-revalidate. (c0bfa61c)
2024-07-21T19:14:58.6838534+07:00 0HN59FG3DN024:00000005 [INF] Generating Validation headers. (20c08f55)
2024-07-21T19:14:58.6843582+07:00 0HN59FG3DN024:00000005 [INF] Validation headers generated. ETag: Strong, "4094702F98B506A89C5AFF8548CA093E". Last-Modified: Sun, 21 Jul 2024 12:14:58 GMT (a3a2a258)
2024-07-21T19:14:58.6843852+07:00 0HN59FG3DN024:00000005 [INF] Generating Vary header. (c1174e38)
2024-07-21T19:14:58.6844144+07:00 0HN59FG3DN024:00000005 [INF] Vary header generated: Accept, Accept-Language, Accept-Encoding. (e081213a)
2024-07-21T19:15:26.0051438+07:00 0HN59FG3DN024:00000006 [INF] Checking for conditional GET/HEAD. (7e2efcb6)
2024-07-21T19:15:26.0052104+07:00 0HN59FG3DN024:00000006 [INF] Not valid - no If-None-Match or If-Modified-Since headers. (00e43d04)
2024-07-21T19:15:26.0052351+07:00 0HN59FG3DN024:00000006 [INF] Don't generate 304 - Not Modified.  Continue. (b6a7d473)
2024-07-21T19:15:26.0052557+07:00 0HN59FG3DN024:00000006 [INF] Checking for conditional PUT/PATCH. (bf3cf9be)
2024-07-21T19:15:26.0052783+07:00 0HN59FG3DN024:00000006 [INF] Not valid - method isn't PUT or PATCH. (671cb4f2)
2024-07-21T19:15:26.0053018+07:00 0HN59FG3DN024:00000006 [INF] Don't generate 412 - Precondition Failed.  Continue. (08bc4a18)
2024-07-21T19:15:26.0583857+07:00 0HN59FG3DN024:00000006 [INF] Generating expiration headers. (97875003)
2024-07-21T19:15:26.0585174+07:00 0HN59FG3DN024:00000006 [INF] Expiration headers generated. Expires: Sun, 21 Jul 2024 12:15:26 GMT. Cache-Control: private,max-age=0,no-store,no-cache,must-revalidate. (dc95f048)
2024-07-21T19:15:26.0585431+07:00 0HN59FG3DN024:00000006 [INF] Generating Validation headers. (20c08f55)
2024-07-21T19:15:26.0592835+07:00 0HN59FG3DN024:00000006 [INF] Validation headers generated. ETag: Strong, "D101CB9C8F4656FBFADF2E5477BB04E8". Last-Modified: Sun, 21 Jul 2024 12:15:26 GMT (0c9cdb2e)
2024-07-21T19:15:26.0593349+07:00 0HN59FG3DN024:00000006 [INF] Generating Vary header. (c1174e38)
2024-07-21T19:15:26.0593520+07:00 0HN59FG3DN024:00000006 [INF] Vary header generated: Accept, Accept-Language, Accept-Encoding. (e081213a)
2024-07-21T19:15:55.5276905+07:00 0HN59FG3DN024:00000007 [INF] Checking for conditional GET/HEAD. (7e2efcb6)
2024-07-21T19:15:55.5280073+07:00 0HN59FG3DN024:00000007 [INF] Not valid - no If-None-Match or If-Modified-Since headers. (00e43d04)
2024-07-21T19:15:55.5280422+07:00 0HN59FG3DN024:00000007 [INF] Don't generate 304 - Not Modified.  Continue. (b6a7d473)
2024-07-21T19:15:55.5281380+07:00 0HN59FG3DN024:00000007 [INF] Checking for conditional PUT/PATCH. (bf3cf9be)
2024-07-21T19:15:55.5281584+07:00 0HN59FG3DN024:00000007 [INF] Not valid - method isn't PUT or PATCH. (671cb4f2)
2024-07-21T19:15:55.5281759+07:00 0HN59FG3DN024:00000007 [INF] Don't generate 412 - Precondition Failed.  Continue. (08bc4a18)
2024-07-21T19:15:55.9526320+07:00 0HN59FG3DN024:00000007 [INF] Generating expiration headers. (97875003)
2024-07-21T19:15:55.9527599+07:00 0HN59FG3DN024:00000007 [INF] Expiration headers generated. Expires: Sun, 21 Jul 2024 12:15:55 GMT. Cache-Control: private,max-age=0,no-store,no-cache,must-revalidate. (9fecc857)
2024-07-21T19:15:55.9527942+07:00 0HN59FG3DN024:00000007 [INF] Generating Validation headers. (20c08f55)
2024-07-21T19:15:55.9532524+07:00 0HN59FG3DN024:00000007 [INF] Validation headers generated. ETag: Strong, "63346C53B3A23CC9EAA11CFE8E553A21". Last-Modified: Sun, 21 Jul 2024 12:15:55 GMT (eff235ea)
2024-07-21T19:15:55.9532873+07:00 0HN59FG3DN024:00000007 [INF] Generating Vary header. (c1174e38)
2024-07-21T19:15:55.9533074+07:00 0HN59FG3DN024:00000007 [INF] Vary header generated: Accept, Accept-Language, Accept-Encoding. (e081213a)
2024-07-21T19:16:31.1363652+07:00 0HN59FG3DN024:00000008 [INF] Checking for conditional GET/HEAD. (7e2efcb6)
2024-07-21T19:16:31.1364629+07:00 0HN59FG3DN024:00000008 [INF] Not valid - no If-None-Match or If-Modified-Since headers. (00e43d04)
2024-07-21T19:16:31.1364842+07:00 0HN59FG3DN024:00000008 [INF] Don't generate 304 - Not Modified.  Continue. (b6a7d473)
2024-07-21T19:16:31.1365116+07:00 0HN59FG3DN024:00000008 [INF] Checking for conditional PUT/PATCH. (bf3cf9be)
2024-07-21T19:16:31.1365956+07:00 0HN59FG3DN024:00000008 [INF] Not valid - method isn't PUT or PATCH. (671cb4f2)
2024-07-21T19:16:31.1366555+07:00 0HN59FG3DN024:00000008 [INF] Don't generate 412 - Precondition Failed.  Continue. (08bc4a18)
2024-07-21T19:16:31.5225652+07:00 0HN59FG3DN024:00000008 [INF] Generating expiration headers. (97875003)
2024-07-21T19:16:31.5226319+07:00 0HN59FG3DN024:00000008 [INF] Expiration headers generated. Expires: Sun, 21 Jul 2024 12:16:31 GMT. Cache-Control: private,max-age=0,no-store,no-cache,must-revalidate. (7b8955a1)
2024-07-21T19:16:31.5226490+07:00 0HN59FG3DN024:00000008 [INF] Generating Validation headers. (20c08f55)
2024-07-21T19:16:31.5229762+07:00 0HN59FG3DN024:00000008 [INF] Validation headers generated. ETag: Strong, "FDE89AF88B152F76F4B98C44CB821A71". Last-Modified: Sun, 21 Jul 2024 12:16:31 GMT (41361e02)
2024-07-21T19:16:31.5230050+07:00 0HN59FG3DN024:00000008 [INF] Generating Vary header. (c1174e38)
2024-07-21T19:16:31.5230250+07:00 0HN59FG3DN024:00000008 [INF] Vary header generated: Accept, Accept-Language, Accept-Encoding. (e081213a)
2024-07-21T19:18:18.5491544+07:00 0HN59FG3DN024:00000009 [INF] Checking for conditional GET/HEAD. (7e2efcb6)
2024-07-21T19:18:18.5492569+07:00 0HN59FG3DN024:00000009 [INF] Not valid - no If-None-Match or If-Modified-Since headers. (00e43d04)
2024-07-21T19:18:18.5494062+07:00 0HN59FG3DN024:00000009 [INF] Don't generate 304 - Not Modified.  Continue. (b6a7d473)
2024-07-21T19:18:18.5494287+07:00 0HN59FG3DN024:00000009 [INF] Checking for conditional PUT/PATCH. (bf3cf9be)
2024-07-21T19:18:18.5494469+07:00 0HN59FG3DN024:00000009 [INF] Not valid - method isn't PUT or PATCH. (671cb4f2)
2024-07-21T19:18:18.5494664+07:00 0HN59FG3DN024:00000009 [INF] Don't generate 412 - Precondition Failed.  Continue. (08bc4a18)
2024-07-21T19:18:20.8563354+07:00 0HN59FG3DN024:00000009 [INF] Generating expiration headers. (97875003)
2024-07-21T19:18:20.8564471+07:00 0HN59FG3DN024:00000009 [INF] Expiration headers generated. Expires: Sun, 21 Jul 2024 12:18:20 GMT. Cache-Control: private,max-age=0,no-store,no-cache,must-revalidate. (71a94a00)
2024-07-21T19:18:20.8564780+07:00 0HN59FG3DN024:00000009 [INF] Generating Validation headers. (20c08f55)
2024-07-21T19:18:20.8570837+07:00 0HN59FG3DN024:00000009 [INF] Validation headers generated. ETag: Strong, "790B4856130DDC065E41ACD89F52963D". Last-Modified: Sun, 21 Jul 2024 12:18:20 GMT (f7efa3ab)
2024-07-21T19:18:20.8571302+07:00 0HN59FG3DN024:00000009 [INF] Generating Vary header. (c1174e38)
2024-07-21T19:18:20.8571637+07:00 0HN59FG3DN024:00000009 [INF] Vary header generated: Accept, Accept-Language, Accept-Encoding. (e081213a)
